{"/Users/jake.chorley/Documents/personal_development/projects/code_quiz_node/src/client/sagas.js": {"path":"/Users/jake.chorley/Documents/personal_development/projects/code_quiz_node/src/client/sagas.js","statementMap":{"0":{"start":{"line":21,"column":2},"end":{"line":31,"column":3}},"1":{"start":{"line":22,"column":19},"end":{"line":22,"column":56}},"2":{"start":{"line":23,"column":23},"end":{"line":23,"column":51}},"3":{"start":{"line":24,"column":4},"end":{"line":24,"column":25}},"4":{"start":{"line":25,"column":4},"end":{"line":25,"column":27}},"5":{"start":{"line":26,"column":4},"end":{"line":26,"column":48}},"6":{"start":{"line":27,"column":4},"end":{"line":27,"column":24}},"7":{"start":{"line":29,"column":4},"end":{"line":29,"column":31}},"8":{"start":{"line":30,"column":4},"end":{"line":30,"column":13}},"9":{"start":{"line":47,"column":2},"end":{"line":57,"column":3}},"10":{"start":{"line":48,"column":25},"end":{"line":49,"column":40}},"11":{"start":{"line":49,"column":24},"end":{"line":49,"column":39}},"12":{"start":{"line":51,"column":4},"end":{"line":51,"column":29}},"13":{"start":{"line":53,"column":4},"end":{"line":53,"column":66}},"14":{"start":{"line":54,"column":4},"end":{"line":54,"column":77}},"15":{"start":{"line":56,"column":4},"end":{"line":56,"column":22}},"16":{"start":{"line":61,"column":19},"end":{"line":61,"column":66}},"17":{"start":{"line":61,"column":41},"end":{"line":61,"column":65}},"18":{"start":{"line":62,"column":19},"end":{"line":62,"column":66}},"19":{"start":{"line":62,"column":41},"end":{"line":62,"column":65}},"20":{"start":{"line":63,"column":2},"end":{"line":63,"column":25}},"21":{"start":{"line":64,"column":2},"end":{"line":64,"column":33}},"22":{"start":{"line":65,"column":15},"end":{"line":70,"column":3}},"23":{"start":{"line":72,"column":2},"end":{"line":92,"column":3}},"24":{"start":{"line":73,"column":17},"end":{"line":80,"column":40}},"25":{"start":{"line":80,"column":24},"end":{"line":80,"column":39}},"26":{"start":{"line":82,"column":4},"end":{"line":82,"column":21}},"27":{"start":{"line":83,"column":22},"end":{"line":83,"column":31}},"28":{"start":{"line":84,"column":23},"end":{"line":84,"column":27}},"29":{"start":{"line":85,"column":4},"end":{"line":85,"column":30}},"30":{"start":{"line":86,"column":4},"end":{"line":86,"column":23}},"31":{"start":{"line":87,"column":4},"end":{"line":87,"column":38}},"32":{"start":{"line":88,"column":4},"end":{"line":88,"column":57}},"33":{"start":{"line":90,"column":4},"end":{"line":90,"column":22}},"34":{"start":{"line":96,"column":14},"end":{"line":96,"column":41}},"35":{"start":{"line":98,"column":2},"end":{"line":115,"column":3}},"36":{"start":{"line":99,"column":20},"end":{"line":99,"column":33}},"37":{"start":{"line":100,"column":4},"end":{"line":100,"column":51}},"38":{"start":{"line":102,"column":4},"end":{"line":114,"column":5}},"39":{"start":{"line":103,"column":21},"end":{"line":106,"column":42}},"40":{"start":{"line":106,"column":26},"end":{"line":106,"column":41}},"41":{"start":{"line":108,"column":6},"end":{"line":108,"column":25}},"42":{"start":{"line":109,"column":27},"end":{"line":109,"column":38}},"43":{"start":{"line":110,"column":25},"end":{"line":110,"column":31}},"44":{"start":{"line":111,"column":6},"end":{"line":111,"column":59}},"45":{"start":{"line":113,"column":6},"end":{"line":113,"column":24}},"46":{"start":{"line":119,"column":19},"end":{"line":119,"column":66}},"47":{"start":{"line":119,"column":41},"end":{"line":119,"column":65}},"48":{"start":{"line":120,"column":19},"end":{"line":120,"column":66}},"49":{"start":{"line":120,"column":41},"end":{"line":120,"column":65}},"50":{"start":{"line":121,"column":15},"end":{"line":126,"column":3}},"51":{"start":{"line":128,"column":2},"end":{"line":144,"column":3}},"52":{"start":{"line":129,"column":23},"end":{"line":136,"column":40}},"53":{"start":{"line":136,"column":24},"end":{"line":136,"column":39}},"54":{"start":{"line":138,"column":22},"end":{"line":138,"column":37}},"55":{"start":{"line":139,"column":4},"end":{"line":139,"column":38}},"56":{"start":{"line":140,"column":4},"end":{"line":140,"column":51}},"57":{"start":{"line":142,"column":4},"end":{"line":142,"column":22}},"58":{"start":{"line":148,"column":2},"end":{"line":148,"column":38}},"59":{"start":{"line":152,"column":14},"end":{"line":152,"column":47}},"60":{"start":{"line":157,"column":2},"end":{"line":157,"column":21}},"61":{"start":{"line":158,"column":2},"end":{"line":158,"column":20}},"62":{"start":{"line":160,"column":2},"end":{"line":174,"column":3}},"63":{"start":{"line":161,"column":20},"end":{"line":168,"column":6}},"64":{"start":{"line":171,"column":4},"end":{"line":171,"column":24}},"65":{"start":{"line":173,"column":4},"end":{"line":173,"column":22}},"66":{"start":{"line":178,"column":14},"end":{"line":178,"column":47}},"67":{"start":{"line":179,"column":15},"end":{"line":179,"column":56}},"68":{"start":{"line":179,"column":37},"end":{"line":179,"column":55}},"69":{"start":{"line":180,"column":20},"end":{"line":180,"column":66}},"70":{"start":{"line":180,"column":42},"end":{"line":180,"column":65}},"71":{"start":{"line":181,"column":2},"end":{"line":181,"column":28}},"72":{"start":{"line":182,"column":2},"end":{"line":196,"column":3}},"73":{"start":{"line":183,"column":21},"end":{"line":191,"column":32}},"74":{"start":{"line":191,"column":20},"end":{"line":191,"column":31}},"75":{"start":{"line":193,"column":4},"end":{"line":193,"column":64}},"76":{"start":{"line":195,"column":4},"end":{"line":195,"column":22}},"77":{"start":{"line":200,"column":2},"end":{"line":200,"column":46}},"78":{"start":{"line":201,"column":2},"end":{"line":201,"column":37}},"79":{"start":{"line":202,"column":2},"end":{"line":202,"column":40}},"80":{"start":{"line":203,"column":2},"end":{"line":203,"column":33}},"81":{"start":{"line":204,"column":2},"end":{"line":204,"column":48}},"82":{"start":{"line":205,"column":2},"end":{"line":205,"column":43}},"83":{"start":{"line":206,"column":2},"end":{"line":206,"column":38}},"84":{"start":{"line":207,"column":2},"end":{"line":207,"column":42}},"85":{"start":{"line":211,"column":2},"end":{"line":211,"column":29}},"86":{"start":{"line":212,"column":2},"end":{"line":212,"column":7}},"87":{"start":{"line":216,"column":2},"end":{"line":219,"column":4}}},"fnMap":{"0":{"name":"getAllQuizzes","decl":{"start":{"line":20,"column":17},"end":{"line":20,"column":30}},"loc":{"start":{"line":20,"column":33},"end":{"line":32,"column":1}},"line":20},"1":{"name":"getQuiz","decl":{"start":{"line":46,"column":10},"end":{"line":46,"column":17}},"loc":{"start":{"line":46,"column":26},"end":{"line":58,"column":1}},"line":46},"2":{"name":"(anonymous_2)","decl":{"start":{"line":49,"column":12},"end":{"line":49,"column":13}},"loc":{"start":{"line":49,"column":24},"end":{"line":49,"column":39}},"line":49},"3":{"name":"login","decl":{"start":{"line":60,"column":10},"end":{"line":60,"column":15}},"loc":{"start":{"line":60,"column":18},"end":{"line":93,"column":1}},"line":60},"4":{"name":"(anonymous_4)","decl":{"start":{"line":61,"column":32},"end":{"line":61,"column":33}},"loc":{"start":{"line":61,"column":41},"end":{"line":61,"column":65}},"line":61},"5":{"name":"(anonymous_5)","decl":{"start":{"line":62,"column":32},"end":{"line":62,"column":33}},"loc":{"start":{"line":62,"column":41},"end":{"line":62,"column":65}},"line":62},"6":{"name":"(anonymous_6)","decl":{"start":{"line":80,"column":12},"end":{"line":80,"column":13}},"loc":{"start":{"line":80,"column":24},"end":{"line":80,"column":39}},"line":80},"7":{"name":"validate","decl":{"start":{"line":95,"column":10},"end":{"line":95,"column":18}},"loc":{"start":{"line":95,"column":21},"end":{"line":116,"column":1}},"line":95},"8":{"name":"(anonymous_8)","decl":{"start":{"line":106,"column":14},"end":{"line":106,"column":15}},"loc":{"start":{"line":106,"column":26},"end":{"line":106,"column":41}},"line":106},"9":{"name":"signUp","decl":{"start":{"line":118,"column":10},"end":{"line":118,"column":16}},"loc":{"start":{"line":118,"column":19},"end":{"line":145,"column":1}},"line":118},"10":{"name":"(anonymous_10)","decl":{"start":{"line":119,"column":32},"end":{"line":119,"column":33}},"loc":{"start":{"line":119,"column":41},"end":{"line":119,"column":65}},"line":119},"11":{"name":"(anonymous_11)","decl":{"start":{"line":120,"column":32},"end":{"line":120,"column":33}},"loc":{"start":{"line":120,"column":41},"end":{"line":120,"column":65}},"line":120},"12":{"name":"(anonymous_12)","decl":{"start":{"line":136,"column":12},"end":{"line":136,"column":13}},"loc":{"start":{"line":136,"column":24},"end":{"line":136,"column":39}},"line":136},"13":{"name":"logout","decl":{"start":{"line":147,"column":10},"end":{"line":147,"column":16}},"loc":{"start":{"line":147,"column":19},"end":{"line":149,"column":1}},"line":147},"14":{"name":"addScore","decl":{"start":{"line":151,"column":10},"end":{"line":151,"column":18}},"loc":{"start":{"line":151,"column":30},"end":{"line":175,"column":1}},"line":151},"15":{"name":"submit","decl":{"start":{"line":177,"column":10},"end":{"line":177,"column":16}},"loc":{"start":{"line":177,"column":19},"end":{"line":197,"column":1}},"line":177},"16":{"name":"(anonymous_16)","decl":{"start":{"line":179,"column":28},"end":{"line":179,"column":29}},"loc":{"start":{"line":179,"column":37},"end":{"line":179,"column":55}},"line":179},"17":{"name":"(anonymous_17)","decl":{"start":{"line":180,"column":33},"end":{"line":180,"column":34}},"loc":{"start":{"line":180,"column":42},"end":{"line":180,"column":65}},"line":180},"18":{"name":"(anonymous_18)","decl":{"start":{"line":191,"column":12},"end":{"line":191,"column":13}},"loc":{"start":{"line":191,"column":20},"end":{"line":191,"column":31}},"line":191},"19":{"name":"watch","decl":{"start":{"line":199,"column":10},"end":{"line":199,"column":15}},"loc":{"start":{"line":199,"column":18},"end":{"line":208,"column":1}},"line":199},"20":{"name":"checkSaga","decl":{"start":{"line":210,"column":10},"end":{"line":210,"column":19}},"loc":{"start":{"line":210,"column":22},"end":{"line":213,"column":1}},"line":210},"21":{"name":"rootSaga","decl":{"start":{"line":215,"column":25},"end":{"line":215,"column":33}},"loc":{"start":{"line":215,"column":36},"end":{"line":220,"column":1}},"line":215}},"branchMap":{"0":{"loc":{"start":{"line":98,"column":2},"end":{"line":115,"column":3}},"type":"if","locations":[{"start":{"line":98,"column":2},"end":{"line":115,"column":3}},{"start":{"line":98,"column":2},"end":{"line":115,"column":3}}],"line":98}},"s":{"0":1,"1":1,"2":0,"3":0,"4":0,"5":0,"6":0,"7":1,"8":1,"9":0,"10":0,"11":0,"12":0,"13":0,"14":0,"15":0,"16":0,"17":0,"18":0,"19":0,"20":0,"21":0,"22":0,"23":0,"24":0,"25":0,"26":0,"27":0,"28":0,"29":0,"30":0,"31":0,"32":0,"33":0,"34":0,"35":0,"36":0,"37":0,"38":0,"39":0,"40":0,"41":0,"42":0,"43":0,"44":0,"45":0,"46":0,"47":0,"48":0,"49":0,"50":0,"51":0,"52":0,"53":0,"54":0,"55":0,"56":0,"57":0,"58":0,"59":0,"60":0,"61":0,"62":0,"63":0,"64":0,"65":0,"66":0,"67":0,"68":0,"69":0,"70":0,"71":0,"72":0,"73":0,"74":0,"75":0,"76":0,"77":0,"78":0,"79":0,"80":0,"81":0,"82":0,"83":0,"84":0,"85":0,"86":0,"87":0},"f":{"0":1,"1":0,"2":0,"3":0,"4":0,"5":0,"6":0,"7":0,"8":0,"9":0,"10":0,"11":0,"12":0,"13":0,"14":0,"15":0,"16":0,"17":0,"18":0,"19":0,"20":0,"21":0},"b":{"0":[0,0]},"_coverageSchema":"332fd63041d2c1bcb487cc26dd0d5f7d97098a6c","hash":"752a70a80f8c8022234a08a26013a8f89a89e4f7"}
,"/Users/jake.chorley/Documents/personal_development/projects/code_quiz_node/src/client/react/app.js": {"path":"/Users/jake.chorley/Documents/personal_development/projects/code_quiz_node/src/client/react/app.js","statementMap":{"0":{"start":{"line":1,"column":0},"end":{"line":null,"column":-1}},"1":{"start":{"line":3,"column":0},"end":{"line":null,"column":-1}},"2":{"start":{"line":5,"column":0},"end":{"line":null,"column":-1}},"3":{"start":{"line":6,"column":0},"end":{"line":null,"column":-1}},"4":{"start":{"line":7,"column":0},"end":{"line":null,"column":-1}},"5":{"start":{"line":10,"column":2},"end":{"line":null,"column":-1}}},"fnMap":{"0":{"name":"App","decl":{"start":{"line":9,"column":24},"end":{"line":9,"column":15}},"loc":{"start":{"line":9,"column":30},"end":{"line":23,"column":1}}}},"branchMap":{},"s":{"0":0,"1":0,"2":0,"3":0,"4":0,"5":0},"f":{"0":0},"b":{}}
,"/Users/jake.chorley/Documents/personal_development/projects/code_quiz_node/src/client/react/components/code/code.js": {"path":"/Users/jake.chorley/Documents/personal_development/projects/code_quiz_node/src/client/react/components/code/code.js","statementMap":{"0":{"start":{"line":1,"column":0},"end":{"line":null,"column":-1}},"1":{"start":{"line":2,"column":0},"end":{"line":null,"column":-1}},"2":{"start":{"line":10,"column":21},"end":{"line":null,"column":-1}},"3":{"start":{"line":18,"column":48},"end":{"line":18,"column":47}},"4":{"start":{"line":19,"column":20},"end":{"line":19,"column":4}},"5":{"start":{"line":20,"column":4},"end":{"line":24,"column":5}},"6":{"start":{"line":21,"column":6},"end":{"line":null,"column":-1}},"7":{"start":{"line":13,"column":4},"end":{"line":null,"column":-1}},"8":{"start":{"line":28,"column":25},"end":{"line":28,"column":4}},"9":{"start":{"line":29,"column":17},"end":{"line":29,"column":4}},"10":{"start":{"line":30,"column":4},"end":{"line":43,"column":5}},"11":{"start":{"line":31,"column":6},"end":{"line":null,"column":-1}},"12":{"start":{"line":45,"column":6},"end":{"line":44,"column":4}},"13":{"start":{"line":49,"column":22},"end":{"line":49,"column":4}},"14":{"start":{"line":52,"column":4},"end":{"line":null,"column":-1}}},"fnMap":{"0":{"name":"_class","decl":{"start":{"line":10,"column":2},"end":{"line":10,"column":13}},"loc":{"start":{"line":10,"column":21},"end":{"line":16,"column":3}}},"1":{"name":"(anonymous_9)","decl":{"start":{"line":18,"column":19},"end":{"line":18,"column":47}},"loc":{"start":{"line":18,"column":48},"end":{"line":10,"column":21}}}},"branchMap":{"0":{"loc":{"start":{"line":10,"column":21},"end":{"line":11,"column":9}},"type":"binary-expr","locations":[{"start":{"line":10,"column":21},"end":{"line":11,"column":9}},{"start":{"line":10,"column":21},"end":{"line":11,"column":9}}]},"1":{"loc":{"start":{"line":20,"column":4},"end":{"line":24,"column":5}},"type":"if","locations":[{"start":{"line":20,"column":4},"end":{"line":24,"column":5}},{"start":{"line":20,"column":4},"end":{"line":24,"column":5}}]},"2":{"loc":{"start":{"line":35,"column":14},"end":{"line":34,"column":21}},"type":"cond-expr","locations":[{"start":{"line":35,"column":14},"end":{"line":34,"column":21}},{"start":{"line":36,"column":14},"end":{"line":32,"column":8}}]}},"s":{"0":0,"1":0,"2":0,"3":0,"4":0,"5":0,"6":0,"7":0,"8":0,"9":0,"10":0,"11":0,"12":0,"13":0,"14":0},"f":{"0":0,"1":0},"b":{"0":[0,0],"1":[0,0],"2":[0,0]}}
,"/Users/jake.chorley/Documents/personal_development/projects/code_quiz_node/src/client/react/components/create_question/create_question.js": {"path":"/Users/jake.chorley/Documents/personal_development/projects/code_quiz_node/src/client/react/components/create_question/create_question.js","statementMap":{"0":{"start":{"line":1,"column":0},"end":{"line":null,"column":-1}},"1":{"start":{"line":2,"column":0},"end":{"line":null,"column":-1}},"2":{"start":{"line":16,"column":38},"end":{"line":16,"column":37}},"3":{"start":{"line":17,"column":4},"end":{"line":null,"column":-1}},"4":{"start":{"line":24,"column":40},"end":{"line":24,"column":39}},"5":{"start":{"line":25,"column":4},"end":{"line":null,"column":-1}},"6":{"start":{"line":28,"column":37},"end":{"line":28,"column":36}},"7":{"start":{"line":29,"column":44},"end":{"line":28,"column":37}},"8":{"start":{"line":30,"column":4},"end":{"line":null,"column":-1}},"9":{"start":{"line":34,"column":4},"end":{"line":null,"column":-1}},"10":{"start":{"line":37,"column":36},"end":{"line":37,"column":35}},"11":{"start":{"line":38,"column":43},"end":{"line":37,"column":36}},"12":{"start":{"line":39,"column":4},"end":{"line":null,"column":-1}},"13":{"start":{"line":42,"column":35},"end":{"line":42,"column":34}},"14":{"start":{"line":43,"column":47},"end":{"line":42,"column":35}},"15":{"start":{"line":44,"column":4},"end":{"line":null,"column":-1}},"16":{"start":{"line":48,"column":44},"end":{"line":47,"column":29}},"17":{"start":{"line":47,"column":29},"end":{"line":47,"column":28}},"18":{"start":{"line":53,"column":8},"end":{"line":47,"column":29}},"19":{"start":{"line":54,"column":4},"end":{"line":58,"column":5}},"20":{"start":{"line":55,"column":6},"end":{"line":null,"column":-1}},"21":{"start":{"line":56,"column":26},"end":{"line":56,"column":6}},"22":{"start":{"line":57,"column":6},"end":{"line":null,"column":-1}},"23":{"start":{"line":61,"column":11},"end":{"line":null,"column":-1}},"24":{"start":{"line":69,"column":8},"end":{"line":61,"column":11}},"25":{"start":{"line":61,"column":11},"end":{"line":61,"column":10}},"26":{"start":{"line":70,"column":17},"end":{"line":70,"column":4}},"27":{"start":{"line":71,"column":25},"end":{"line":71,"column":4}},"28":{"start":{"line":72,"column":24},"end":{"line":72,"column":4}},"29":{"start":{"line":73,"column":4},"end":{"line":null,"column":-1}},"30":{"start":{"line":74,"column":6},"end":{"line":null,"column":-1}},"31":{"start":{"line":86,"column":6},"end":{"line":null,"column":-1}},"32":{"start":{"line":99,"column":4},"end":{"line":null,"column":-1}},"33":{"start":{"line":100,"column":6},"end":{"line":null,"column":-1}},"34":{"start":{"line":110,"column":22},"end":{"line":110,"column":4}},"35":{"start":{"line":116,"column":23},"end":{"line":116,"column":4}},"36":{"start":{"line":117,"column":26},"end":{"line":117,"column":4}},"37":{"start":{"line":121,"column":4},"end":{"line":null,"column":-1}}},"fnMap":{"0":{"name":"(anonymous_17)","decl":{"start":{"line":73,"column":18},"end":{"line":73,"column":18}},"loc":{"start":{"line":73,"column":34},"end":{"line":73,"column":4}}},"1":{"name":"(anonymous_18)","decl":{"start":{"line":99,"column":17},"end":{"line":99,"column":17}},"loc":{"start":{"line":99,"column":29},"end":{"line":99,"column":4}}}},"branchMap":{"0":{"loc":{"start":{"line":54,"column":4},"end":{"line":58,"column":5}},"type":"if","locations":[{"start":{"line":54,"column":4},"end":{"line":58,"column":5}},{"start":{"line":54,"column":4},"end":{"line":58,"column":5}}]},"1":{"loc":{"start":{"line":78,"column":14},"end":{"line":77,"column":21}},"type":"cond-expr","locations":[{"start":{"line":78,"column":14},"end":{"line":77,"column":21}},{"start":{"line":79,"column":14},"end":{"line":75,"column":8}}]},"2":{"loc":{"start":{"line":112,"column":10},"end":{"line":111,"column":37}},"type":"cond-expr","locations":[{"start":{"line":112,"column":10},"end":{"line":111,"column":37}},{"start":{"line":113,"column":10},"end":{"line":111,"column":6}}]},"3":{"loc":{"start":{"line":146,"column":14},"end":{"line":146,"column":13}},"type":"binary-expr","locations":[{"start":{"line":146,"column":14},"end":{"line":146,"column":13}},{"start":{"line":147,"column":14},"end":{"line":null,"column":-1}}]},"4":{"loc":{"start":{"line":173,"column":12},"end":{"line":173,"column":11}},"type":"binary-expr","locations":[{"start":{"line":173,"column":12},"end":{"line":173,"column":11}},{"start":{"line":174,"column":12},"end":{"line":null,"column":-1}}]}},"s":{"0":0,"1":0,"2":0,"3":0,"4":0,"5":0,"6":0,"7":0,"8":0,"9":0,"10":0,"11":0,"12":0,"13":0,"14":0,"15":0,"16":0,"17":0,"18":0,"19":0,"20":0,"21":0,"22":0,"23":0,"24":0,"25":0,"26":0,"27":0,"28":0,"29":0,"30":0,"31":0,"32":0,"33":0,"34":0,"35":0,"36":0,"37":0},"f":{"0":0,"1":0},"b":{"0":[0,0],"1":[0,0],"2":[0,0],"3":[0,0],"4":[0,0]}}
,"/Users/jake.chorley/Documents/personal_development/projects/code_quiz_node/src/client/react/components/create_quiz/create_quiz.js": {"path":"/Users/jake.chorley/Documents/personal_development/projects/code_quiz_node/src/client/react/components/create_quiz/create_quiz.js","statementMap":{"0":{"start":{"line":1,"column":0},"end":{"line":null,"column":-1}},"1":{"start":{"line":2,"column":0},"end":{"line":null,"column":-1}},"2":{"start":{"line":12,"column":38},"end":{"line":12,"column":37}},"3":{"start":{"line":13,"column":4},"end":{"line":null,"column":-1}},"4":{"start":{"line":16,"column":38},"end":{"line":16,"column":37}},"5":{"start":{"line":17,"column":4},"end":{"line":null,"column":-1}},"6":{"start":{"line":21,"column":22},"end":{"line":21,"column":4}},"7":{"start":{"line":24,"column":4},"end":{"line":null,"column":-1}}},"fnMap":{},"branchMap":{"0":{"loc":{"start":{"line":22,"column":11},"end":{"line":21,"column":22}},"type":"cond-expr","locations":[{"start":{"line":22,"column":11},"end":{"line":21,"column":22}},{"start":{"line":21,"column":22},"end":{"line":21,"column":4}}]},"1":{"loc":{"start":{"line":22,"column":62},"end":{"line":22,"column":37}},"type":"cond-expr","locations":[{"start":{"line":22,"column":62},"end":{"line":22,"column":37}},{"start":{"line":22,"column":67},"end":{"line":21,"column":22}}]}},"s":{"0":0,"1":0,"2":0,"3":0,"4":0,"5":0,"6":0,"7":0},"f":{},"b":{"0":[0,0],"1":[0,0]}}
,"/Users/jake.chorley/Documents/personal_development/projects/code_quiz_node/src/client/react/components/creator/creator.js": {"path":"/Users/jake.chorley/Documents/personal_development/projects/code_quiz_node/src/client/react/components/creator/creator.js","statementMap":{"0":{"start":{"line":1,"column":0},"end":{"line":null,"column":-1}},"1":{"start":{"line":2,"column":0},"end":{"line":null,"column":-1}},"2":{"start":{"line":4,"column":0},"end":{"line":null,"column":-1}},"3":{"start":{"line":5,"column":0},"end":{"line":null,"column":-1}},"4":{"start":{"line":30,"column":21},"end":{"line":null,"column":-1}},"5":{"start":{"line":40,"column":4},"end":{"line":45,"column":5}},"6":{"start":{"line":41,"column":6},"end":{"line":null,"column":-1}},"7":{"start":{"line":44,"column":6},"end":{"line":null,"column":-1}},"8":{"start":{"line":48,"column":35},"end":{"line":48,"column":34}},"9":{"start":{"line":49,"column":4},"end":{"line":null,"column":-1}},"10":{"start":{"line":50,"column":4},"end":{"line":57,"column":5}},"11":{"start":{"line":51,"column":6},"end":{"line":null,"column":-1}},"12":{"start":{"line":52,"column":11},"end":{"line":57,"column":5}},"13":{"start":{"line":53,"column":6},"end":{"line":55,"column":7}},"14":{"start":{"line":54,"column":8},"end":{"line":null,"column":-1}},"15":{"start":{"line":56,"column":6},"end":{"line":null,"column":-1}},"16":{"start":{"line":61,"column":4},"end":{"line":65,"column":5}},"17":{"start":{"line":62,"column":6},"end":{"line":null,"column":-1}},"18":{"start":{"line":69,"column":4},"end":{"line":73,"column":5}},"19":{"start":{"line":70,"column":6},"end":{"line":null,"column":-1}},"20":{"start":{"line":76,"column":39},"end":{"line":76,"column":38}},"21":{"start":{"line":77,"column":4},"end":{"line":85,"column":5}},"22":{"start":{"line":78,"column":6},"end":{"line":84,"column":7}},"23":{"start":{"line":79,"column":8},"end":{"line":null,"column":-1}},"24":{"start":{"line":80,"column":13},"end":{"line":84,"column":7}},"25":{"start":{"line":81,"column":8},"end":{"line":null,"column":-1}},"26":{"start":{"line":83,"column":8},"end":{"line":null,"column":-1}},"27":{"start":{"line":86,"column":4},"end":{"line":null,"column":-1}},"28":{"start":{"line":93,"column":4},"end":{"line":null,"column":-1}},"29":{"start":{"line":94,"column":4},"end":{"line":96,"column":5}},"30":{"start":{"line":95,"column":6},"end":{"line":null,"column":-1}},"31":{"start":{"line":100,"column":35},"end":{"line":99,"column":20}},"32":{"start":{"line":99,"column":20},"end":{"line":99,"column":19}},"33":{"start":{"line":101,"column":26},"end":{"line":99,"column":20}},"34":{"start":{"line":102,"column":4},"end":{"line":108,"column":5}},"35":{"start":{"line":107,"column":6},"end":{"line":null,"column":-1}},"36":{"start":{"line":109,"column":4},"end":{"line":129,"column":5}},"37":{"start":{"line":110,"column":61},"end":{"line":109,"column":50}},"38":{"start":{"line":109,"column":50},"end":{"line":109,"column":49}},"39":{"start":{"line":111,"column":6},"end":{"line":118,"column":7}},"40":{"start":{"line":117,"column":8},"end":{"line":null,"column":-1}},"41":{"start":{"line":119,"column":6},"end":{"line":123,"column":7}},"42":{"start":{"line":120,"column":8},"end":{"line":122,"column":9}},"43":{"start":{"line":121,"column":10},"end":{"line":null,"column":-1}},"44":{"start":{"line":124,"column":6},"end":{"line":128,"column":7}},"45":{"start":{"line":125,"column":8},"end":{"line":127,"column":9}},"46":{"start":{"line":126,"column":10},"end":{"line":null,"column":-1}},"47":{"start":{"line":130,"column":4},"end":{"line":null,"column":-1}},"48":{"start":{"line":33,"column":4},"end":{"line":null,"column":-1}},"49":{"start":{"line":134,"column":20},"end":{"line":134,"column":4}},"50":{"start":{"line":135,"column":4},"end":{"line":137,"column":5}},"51":{"start":{"line":136,"column":6},"end":{"line":null,"column":-1}},"52":{"start":{"line":138,"column":4},"end":{"line":null,"column":-1}}},"fnMap":{"0":{"name":"_class","decl":{"start":{"line":30,"column":2},"end":{"line":30,"column":13}},"loc":{"start":{"line":30,"column":21},"end":{"line":37,"column":3}}},"1":{"name":"(anonymous_9)","decl":{"start":{"line":39,"column":23},"end":{"line":39,"column":28}},"loc":{"start":{"line":39,"column":29},"end":{"line":30,"column":21}}},"2":{"name":"(anonymous_10)","decl":{"start":{"line":48,"column":19},"end":{"line":48,"column":34}},"loc":{"start":{"line":48,"column":35},"end":{"line":30,"column":21}}},"3":{"name":"(anonymous_11)","decl":{"start":{"line":60,"column":22},"end":{"line":60,"column":27}},"loc":{"start":{"line":60,"column":28},"end":{"line":30,"column":21}}},"4":{"name":"(anonymous_12)","decl":{"start":{"line":68,"column":22},"end":{"line":68,"column":27}},"loc":{"start":{"line":68,"column":28},"end":{"line":30,"column":21}}},"5":{"name":"(anonymous_13)","decl":{"start":{"line":76,"column":23},"end":{"line":76,"column":38}},"loc":{"start":{"line":76,"column":39},"end":{"line":30,"column":21}}},"6":{"name":"(anonymous_14)","decl":{"start":{"line":92,"column":19},"end":{"line":92,"column":24}},"loc":{"start":{"line":92,"column":25},"end":{"line":30,"column":21}}},"7":{"name":"(anonymous_15)","decl":{"start":{"line":99,"column":14},"end":{"line":99,"column":19}},"loc":{"start":{"line":99,"column":20},"end":{"line":30,"column":21}}}},"branchMap":{"0":{"loc":{"start":{"line":30,"column":21},"end":{"line":31,"column":9}},"type":"binary-expr","locations":[{"start":{"line":30,"column":21},"end":{"line":31,"column":9}},{"start":{"line":30,"column":21},"end":{"line":31,"column":9}}]},"1":{"loc":{"start":{"line":40,"column":4},"end":{"line":45,"column":5}},"type":"if","locations":[{"start":{"line":40,"column":4},"end":{"line":45,"column":5}},{"start":{"line":40,"column":4},"end":{"line":45,"column":5}}]},"2":{"loc":{"start":{"line":50,"column":4},"end":{"line":57,"column":5}},"type":"if","locations":[{"start":{"line":50,"column":4},"end":{"line":57,"column":5}},{"start":{"line":50,"column":4},"end":{"line":57,"column":5}}]},"3":{"loc":{"start":{"line":50,"column":8},"end":{"line":50,"column":7}},"type":"binary-expr","locations":[{"start":{"line":50,"column":8},"end":{"line":50,"column":7}},{"start":{"line":50,"column":32},"end":{"line":50,"column":4}}]},"4":{"loc":{"start":{"line":52,"column":11},"end":{"line":57,"column":5}},"type":"if","locations":[{"start":{"line":52,"column":11},"end":{"line":57,"column":5}},{"start":{"line":52,"column":11},"end":{"line":57,"column":5}}]},"5":{"loc":{"start":{"line":52,"column":15},"end":{"line":52,"column":14}},"type":"binary-expr","locations":[{"start":{"line":52,"column":15},"end":{"line":52,"column":14}},{"start":{"line":52,"column":42},"end":{"line":52,"column":11}}]},"6":{"loc":{"start":{"line":53,"column":6},"end":{"line":55,"column":7}},"type":"if","locations":[{"start":{"line":53,"column":6},"end":{"line":55,"column":7}},{"start":{"line":53,"column":6},"end":{"line":55,"column":7}}]},"7":{"loc":{"start":{"line":61,"column":4},"end":{"line":65,"column":5}},"type":"if","locations":[{"start":{"line":61,"column":4},"end":{"line":65,"column":5}},{"start":{"line":61,"column":4},"end":{"line":65,"column":5}}]},"8":{"loc":{"start":{"line":69,"column":4},"end":{"line":73,"column":5}},"type":"if","locations":[{"start":{"line":69,"column":4},"end":{"line":73,"column":5}},{"start":{"line":69,"column":4},"end":{"line":73,"column":5}}]},"9":{"loc":{"start":{"line":77,"column":4},"end":{"line":85,"column":5}},"type":"if","locations":[{"start":{"line":77,"column":4},"end":{"line":85,"column":5}},{"start":{"line":77,"column":4},"end":{"line":85,"column":5}}]},"10":{"loc":{"start":{"line":78,"column":6},"end":{"line":84,"column":7}},"type":"if","locations":[{"start":{"line":78,"column":6},"end":{"line":84,"column":7}},{"start":{"line":78,"column":6},"end":{"line":84,"column":7}}]},"11":{"loc":{"start":{"line":80,"column":13},"end":{"line":84,"column":7}},"type":"if","locations":[{"start":{"line":80,"column":13},"end":{"line":84,"column":7}},{"start":{"line":80,"column":13},"end":{"line":84,"column":7}}]},"12":{"loc":{"start":{"line":94,"column":4},"end":{"line":96,"column":5}},"type":"if","locations":[{"start":{"line":94,"column":4},"end":{"line":96,"column":5}},{"start":{"line":94,"column":4},"end":{"line":96,"column":5}}]},"13":{"loc":{"start":{"line":102,"column":4},"end":{"line":108,"column":5}},"type":"if","locations":[{"start":{"line":102,"column":4},"end":{"line":108,"column":5}},{"start":{"line":102,"column":4},"end":{"line":108,"column":5}}]},"14":{"loc":{"start":{"line":103,"column":6},"end":{"line":103,"column":5}},"type":"binary-expr","locations":[{"start":{"line":103,"column":6},"end":{"line":103,"column":5}},{"start":{"line":104,"column":9},"end":{"line":103,"column":6}},{"start":{"line":105,"column":9},"end":{"line":102,"column":4}}]},"15":{"loc":{"start":{"line":111,"column":6},"end":{"line":118,"column":7}},"type":"if","locations":[{"start":{"line":111,"column":6},"end":{"line":118,"column":7}},{"start":{"line":111,"column":6},"end":{"line":118,"column":7}}]},"16":{"loc":{"start":{"line":112,"column":8},"end":{"line":112,"column":7}},"type":"binary-expr","locations":[{"start":{"line":112,"column":8},"end":{"line":112,"column":7}},{"start":{"line":113,"column":11},"end":{"line":112,"column":8}},{"start":{"line":114,"column":11},"end":{"line":112,"column":8}},{"start":{"line":115,"column":11},"end":{"line":111,"column":6}}]},"17":{"loc":{"start":{"line":120,"column":8},"end":{"line":122,"column":9}},"type":"if","locations":[{"start":{"line":120,"column":8},"end":{"line":122,"column":9}},{"start":{"line":120,"column":8},"end":{"line":122,"column":9}}]},"18":{"loc":{"start":{"line":125,"column":8},"end":{"line":127,"column":9}},"type":"if","locations":[{"start":{"line":125,"column":8},"end":{"line":127,"column":9}},{"start":{"line":125,"column":8},"end":{"line":127,"column":9}}]},"19":{"loc":{"start":{"line":135,"column":4},"end":{"line":137,"column":5}},"type":"if","locations":[{"start":{"line":135,"column":4},"end":{"line":137,"column":5}},{"start":{"line":135,"column":4},"end":{"line":137,"column":5}}]},"20":{"loc":{"start":{"line":140,"column":10},"end":{"line":140,"column":9}},"type":"binary-expr","locations":[{"start":{"line":140,"column":10},"end":{"line":140,"column":9}},{"start":{"line":141,"column":10},"end":{"line":139,"column":6}}]},"21":{"loc":{"start":{"line":143,"column":10},"end":{"line":143,"column":9}},"type":"binary-expr","locations":[{"start":{"line":143,"column":10},"end":{"line":143,"column":9}},{"start":{"line":144,"column":10},"end":{"line":139,"column":6}}]},"22":{"loc":{"start":{"line":147,"column":13},"end":{"line":147,"column":12}},"type":"binary-expr","locations":[{"start":{"line":147,"column":13},"end":{"line":147,"column":12}},{"start":{"line":147,"column":41},"end":{"line":147,"column":12}},{"start":{"line":148,"column":12},"end":{"line":146,"column":8}}]},"23":{"loc":{"start":{"line":165,"column":12},"end":{"line":166,"column":11}},"type":"binary-expr","locations":[{"start":{"line":165,"column":12},"end":{"line":166,"column":11}},{"start":{"line":166,"column":12},"end":{"line":146,"column":8}}]},"24":{"loc":{"start":{"line":165,"column":14},"end":{"line":165,"column":13}},"type":"binary-expr","locations":[{"start":{"line":165,"column":14},"end":{"line":165,"column":13}},{"start":{"line":165,"column":42},"end":{"line":165,"column":12}}]},"25":{"loc":{"start":{"line":187,"column":14},"end":{"line":187,"column":13}},"type":"binary-expr","locations":[{"start":{"line":187,"column":14},"end":{"line":187,"column":13}},{"start":{"line":188,"column":14},"end":{"line":183,"column":10}}]},"26":{"loc":{"start":{"line":190,"column":15},"end":{"line":190,"column":14}},"type":"binary-expr","locations":[{"start":{"line":190,"column":15},"end":{"line":190,"column":14}},{"start":{"line":190,"column":44},"end":{"line":190,"column":14}},{"start":{"line":191,"column":14},"end":{"line":183,"column":10}}]},"27":{"loc":{"start":{"line":193,"column":15},"end":{"line":193,"column":14}},"type":"binary-expr","locations":[{"start":{"line":193,"column":15},"end":{"line":193,"column":14}},{"start":{"line":193,"column":44},"end":{"line":193,"column":14}},{"start":{"line":194,"column":14},"end":{"line":null,"column":-1}}]},"28":{"loc":{"start":{"line":197,"column":12},"end":{"line":198,"column":11}},"type":"binary-expr","locations":[{"start":{"line":197,"column":12},"end":{"line":198,"column":11}},{"start":{"line":198,"column":12},"end":{"line":146,"column":8}}]},"29":{"loc":{"start":{"line":202,"column":16},"end":{"line":202,"column":15}},"type":"binary-expr","locations":[{"start":{"line":202,"column":16},"end":{"line":202,"column":15}},{"start":{"line":203,"column":16},"end":{"line":198,"column":12}}]},"30":{"loc":{"start":{"line":205,"column":16},"end":{"line":205,"column":15}},"type":"binary-expr","locations":[{"start":{"line":205,"column":16},"end":{"line":205,"column":15}},{"start":{"line":206,"column":16},"end":{"line":null,"column":-1}}]},"31":{"loc":{"start":{"line":210,"column":12},"end":{"line":210,"column":11}},"type":"binary-expr","locations":[{"start":{"line":210,"column":12},"end":{"line":210,"column":11}},{"start":{"line":211,"column":12},"end":{"line":null,"column":-1}}]},"32":{"loc":{"start":{"line":214,"column":16},"end":{"line":214,"column":15}},"type":"binary-expr","locations":[{"start":{"line":214,"column":16},"end":{"line":214,"column":15}},{"start":{"line":215,"column":16},"end":{"line":211,"column":12}}]},"33":{"loc":{"start":{"line":217,"column":16},"end":{"line":217,"column":15}},"type":"binary-expr","locations":[{"start":{"line":217,"column":16},"end":{"line":217,"column":15}},{"start":{"line":218,"column":16},"end":{"line":null,"column":-1}}]}},"s":{"0":0,"1":0,"2":0,"3":0,"4":0,"5":0,"6":0,"7":0,"8":0,"9":0,"10":0,"11":0,"12":0,"13":0,"14":0,"15":0,"16":0,"17":0,"18":0,"19":0,"20":0,"21":0,"22":0,"23":0,"24":0,"25":0,"26":0,"27":0,"28":0,"29":0,"30":0,"31":0,"32":0,"33":0,"34":0,"35":0,"36":0,"37":0,"38":0,"39":0,"40":0,"41":0,"42":0,"43":0,"44":0,"45":0,"46":0,"47":0,"48":0,"49":0,"50":0,"51":0,"52":0},"f":{"0":0,"1":0,"2":0,"3":0,"4":0,"5":0,"6":0,"7":0},"b":{"0":[0,0],"1":[0,0],"2":[0,0],"3":[0,0],"4":[0,0],"5":[0,0],"6":[0,0],"7":[0,0],"8":[0,0],"9":[0,0],"10":[0,0],"11":[0,0],"12":[0,0],"13":[0,0],"14":[0,0,0],"15":[0,0],"16":[0,0,0,0],"17":[0,0],"18":[0,0],"19":[0,0],"20":[0,0],"21":[0,0],"22":[0,0,0],"23":[0,0],"24":[0,0],"25":[0,0],"26":[0,0,0],"27":[0,0,0],"28":[0,0],"29":[0,0],"30":[0,0],"31":[0,0],"32":[0,0],"33":[0,0]}}
,"/Users/jake.chorley/Documents/personal_development/projects/code_quiz_node/src/client/react/components/home/home.js": {"path":"/Users/jake.chorley/Documents/personal_development/projects/code_quiz_node/src/client/react/components/home/home.js","statementMap":{"0":{"start":{"line":1,"column":0},"end":{"line":null,"column":-1}},"1":{"start":{"line":2,"column":0},"end":{"line":null,"column":-1}},"2":{"start":{"line":18,"column":4},"end":{"line":null,"column":-1}},"3":{"start":{"line":22,"column":4},"end":{"line":null,"column":-1}},"4":{"start":{"line":23,"column":19},"end":{"line":23,"column":4}},"5":{"start":{"line":24,"column":4},"end":{"line":null,"column":-1}},"6":{"start":{"line":30,"column":4},"end":{"line":null,"column":-1}},"7":{"start":{"line":35,"column":11},"end":{"line":null,"column":-1}},"8":{"start":{"line":36,"column":20},"end":{"line":36,"column":4}},"9":{"start":{"line":37,"column":23},"end":{"line":35,"column":11}},"10":{"start":{"line":38,"column":4},"end":{"line":null,"column":-1}},"11":{"start":{"line":39,"column":18},"end":{"line":39,"column":6}},"12":{"start":{"line":40,"column":6},"end":{"line":47,"column":7}},"13":{"start":{"line":41,"column":8},"end":{"line":46,"column":9}},"14":{"start":{"line":42,"column":26},"end":{"line":42,"column":10}},"15":{"start":{"line":43,"column":10},"end":{"line":null,"column":-1}},"16":{"start":{"line":44,"column":10},"end":{"line":null,"column":-1}},"17":{"start":{"line":45,"column":10},"end":{"line":null,"column":-1}},"18":{"start":{"line":48,"column":6},"end":{"line":50,"column":7}},"19":{"start":{"line":49,"column":8},"end":{"line":null,"column":-1}},"20":{"start":{"line":53,"column":4},"end":{"line":null,"column":-1}}},"fnMap":{"0":{"name":"(anonymous_13)","decl":{"start":{"line":38,"column":34},"end":{"line":38,"column":34}},"loc":{"start":{"line":38,"column":47},"end":{"line":38,"column":4}}}},"branchMap":{"0":{"loc":{"start":{"line":41,"column":8},"end":{"line":46,"column":9}},"type":"if","locations":[{"start":{"line":41,"column":8},"end":{"line":46,"column":9}},{"start":{"line":41,"column":8},"end":{"line":46,"column":9}}]},"1":{"loc":{"start":{"line":48,"column":6},"end":{"line":50,"column":7}},"type":"if","locations":[{"start":{"line":48,"column":6},"end":{"line":50,"column":7}},{"start":{"line":48,"column":6},"end":{"line":50,"column":7}}]},"2":{"loc":{"start":{"line":56,"column":10},"end":{"line":56,"column":9}},"type":"binary-expr","locations":[{"start":{"line":56,"column":10},"end":{"line":56,"column":9}},{"start":{"line":57,"column":10},"end":{"line":null,"column":-1}}]}},"s":{"0":0,"1":0,"2":0,"3":0,"4":0,"5":0,"6":0,"7":0,"8":0,"9":0,"10":0,"11":0,"12":0,"13":0,"14":0,"15":0,"16":0,"17":0,"18":0,"19":0,"20":0},"f":{"0":0},"b":{"0":[0,0],"1":[0,0],"2":[0,0]}}
,"/Users/jake.chorley/Documents/personal_development/projects/code_quiz_node/src/client/react/components/login/login.js": {"path":"/Users/jake.chorley/Documents/personal_development/projects/code_quiz_node/src/client/react/components/login/login.js","statementMap":{"0":{"start":{"line":1,"column":0},"end":{"line":null,"column":-1}},"1":{"start":{"line":2,"column":0},"end":{"line":null,"column":-1}},"2":{"start":{"line":15,"column":4},"end":{"line":null,"column":-1}},"3":{"start":{"line":16,"column":4},"end":{"line":null,"column":-1}},"4":{"start":{"line":19,"column":38},"end":{"line":19,"column":37}},"5":{"start":{"line":20,"column":4},"end":{"line":null,"column":-1}},"6":{"start":{"line":24,"column":4},"end":{"line":null,"column":-1}}},"fnMap":{},"branchMap":{},"s":{"0":0,"1":0,"2":0,"3":0,"4":0,"5":0,"6":0},"f":{},"b":{}}
,"/Users/jake.chorley/Documents/personal_development/projects/code_quiz_node/src/client/react/components/logo/logo.js": {"path":"/Users/jake.chorley/Documents/personal_development/projects/code_quiz_node/src/client/react/components/logo/logo.js","statementMap":{"0":{"start":{"line":1,"column":0},"end":{"line":null,"column":-1}},"1":{"start":{"line":2,"column":0},"end":{"line":null,"column":-1}},"2":{"start":{"line":12,"column":4},"end":{"line":null,"column":-1}},"3":{"start":{"line":18,"column":23},"end":{"line":18,"column":4}},"4":{"start":{"line":26,"column":4},"end":{"line":null,"column":-1}}},"fnMap":{},"branchMap":{},"s":{"0":0,"1":0,"2":0,"3":0,"4":0},"f":{},"b":{}}
,"/Users/jake.chorley/Documents/personal_development/projects/code_quiz_node/src/client/react/components/main/main.js": {"path":"/Users/jake.chorley/Documents/personal_development/projects/code_quiz_node/src/client/react/components/main/main.js","statementMap":{"0":{"start":{"line":1,"column":0},"end":{"line":null,"column":-1}},"1":{"start":{"line":2,"column":0},"end":{"line":null,"column":-1}},"2":{"start":{"line":3,"column":0},"end":{"line":null,"column":-1}},"3":{"start":{"line":5,"column":0},"end":{"line":null,"column":-1}},"4":{"start":{"line":6,"column":0},"end":{"line":null,"column":-1}},"5":{"start":{"line":7,"column":0},"end":{"line":null,"column":-1}},"6":{"start":{"line":8,"column":0},"end":{"line":null,"column":-1}},"7":{"start":{"line":9,"column":0},"end":{"line":null,"column":-1}},"8":{"start":{"line":12,"column":0},"end":{"line":null,"column":-1}},"9":{"start":{"line":17,"column":6},"end":{"line":17,"column":2}},"10":{"start":{"line":18,"column":2},"end":{"line":null,"column":-1}},"11":{"start":{"line":20,"column":6},"end":{"line":null,"column":-1}},"12":{"start":{"line":21,"column":6},"end":{"line":null,"column":-1}},"13":{"start":{"line":23,"column":6},"end":{"line":null,"column":-1}},"14":{"start":{"line":24,"column":6},"end":{"line":null,"column":-1}},"15":{"start":{"line":26,"column":6},"end":{"line":null,"column":-1}},"16":{"start":{"line":27,"column":6},"end":{"line":null,"column":-1}},"17":{"start":{"line":29,"column":6},"end":{"line":null,"column":-1}},"18":{"start":{"line":30,"column":6},"end":{"line":null,"column":-1}},"19":{"start":{"line":33,"column":2},"end":{"line":null,"column":-1}}},"fnMap":{"0":{"name":"Main","decl":{"start":{"line":16,"column":24},"end":{"line":16,"column":15}},"loc":{"start":{"line":16,"column":36},"end":{"line":75,"column":1}}}},"branchMap":{"0":{"loc":{"start":{"line":19,"column":4},"end":{"line":21,"column":6}},"type":"switch","locations":[{"start":{"line":19,"column":4},"end":{"line":21,"column":6}},{"start":{"line":22,"column":4},"end":{"line":24,"column":6}},{"start":{"line":25,"column":4},"end":{"line":27,"column":6}},{"start":{"line":28,"column":4},"end":{"line":30,"column":6}}]}},"s":{"0":0,"1":0,"2":0,"3":0,"4":0,"5":0,"6":0,"7":0,"8":0,"9":0,"10":0,"11":0,"12":0,"13":0,"14":0,"15":0,"16":0,"17":0,"18":0,"19":0},"f":{"0":0},"b":{"0":[0,0,0,0]}}
,"/Users/jake.chorley/Documents/personal_development/projects/code_quiz_node/src/client/react/components/panel/panel.js": {"path":"/Users/jake.chorley/Documents/personal_development/projects/code_quiz_node/src/client/react/components/panel/panel.js","statementMap":{"0":{"start":{"line":1,"column":0},"end":{"line":null,"column":-1}},"1":{"start":{"line":2,"column":0},"end":{"line":null,"column":-1}},"2":{"start":{"line":18,"column":4},"end":{"line":22,"column":5}},"3":{"start":{"line":19,"column":6},"end":{"line":null,"column":-1}},"4":{"start":{"line":21,"column":6},"end":{"line":null,"column":-1}},"5":{"start":{"line":25,"column":4},"end":{"line":null,"column":-1}},"6":{"start":{"line":29,"column":24},"end":{"line":28,"column":33}},"7":{"start":{"line":30,"column":17},"end":{"line":30,"column":4}},"8":{"start":{"line":34,"column":4},"end":{"line":39,"column":5}},"9":{"start":{"line":35,"column":6},"end":{"line":null,"column":-1}},"10":{"start":{"line":36,"column":6},"end":{"line":null,"column":-1}},"11":{"start":{"line":38,"column":6},"end":{"line":null,"column":-1}},"12":{"start":{"line":42,"column":4},"end":{"line":null,"column":-1}},"13":{"start":{"line":49,"column":12},"end":{"line":null,"column":-1}},"14":{"start":{"line":50,"column":13},"end":{"line":null,"column":-1}},"15":{"start":{"line":54,"column":4},"end":{"line":null,"column":-1}},"16":{"start":{"line":58,"column":33},"end":{"line":57,"column":11}},"17":{"start":{"line":60,"column":25},"end":{"line":60,"column":4}},"18":{"start":{"line":61,"column":17},"end":{"line":61,"column":4}},"19":{"start":{"line":62,"column":20},"end":{"line":62,"column":4}},"20":{"start":{"line":63,"column":4},"end":{"line":75,"column":5}},"21":{"start":{"line":65,"column":6},"end":{"line":67,"column":7}},"22":{"start":{"line":66,"column":8},"end":{"line":null,"column":-1}},"23":{"start":{"line":68,"column":6},"end":{"line":null,"column":-1}},"24":{"start":{"line":69,"column":6},"end":{"line":74,"column":7}},"25":{"start":{"line":70,"column":18},"end":{"line":70,"column":8}},"26":{"start":{"line":71,"column":21},"end":{"line":71,"column":8}},"27":{"start":{"line":72,"column":8},"end":{"line":null,"column":-1}},"28":{"start":{"line":73,"column":8},"end":{"line":null,"column":-1}},"29":{"start":{"line":77,"column":4},"end":{"line":null,"column":-1}}},"fnMap":{"0":{"name":"(anonymous_11)","decl":{"start":{"line":49,"column":12},"end":{"line":null,"column":-1}},"loc":{"start":{"line":49,"column":12},"end":{"line":42,"column":4}}},"1":{"name":"(anonymous_12)","decl":{"start":{"line":50,"column":13},"end":{"line":null,"column":-1}},"loc":{"start":{"line":50,"column":13},"end":{"line":42,"column":4}}}},"branchMap":{"0":{"loc":{"start":{"line":18,"column":4},"end":{"line":22,"column":5}},"type":"if","locations":[{"start":{"line":18,"column":4},"end":{"line":22,"column":5}},{"start":{"line":18,"column":4},"end":{"line":22,"column":5}}]},"1":{"loc":{"start":{"line":34,"column":4},"end":{"line":39,"column":5}},"type":"if","locations":[{"start":{"line":34,"column":4},"end":{"line":39,"column":5}},{"start":{"line":34,"column":4},"end":{"line":39,"column":5}}]},"2":{"loc":{"start":{"line":61,"column":83},"end":{"line":61,"column":17}},"type":"cond-expr","locations":[{"start":{"line":61,"column":83},"end":{"line":61,"column":17}},{"start":{"line":61,"column":98},"end":{"line":61,"column":4}}]},"3":{"loc":{"start":{"line":63,"column":4},"end":{"line":75,"column":5}},"type":"if","locations":[{"start":{"line":63,"column":4},"end":{"line":75,"column":5}},{"start":{"line":63,"column":4},"end":{"line":75,"column":5}}]},"4":{"loc":{"start":{"line":79,"column":10},"end":{"line":79,"column":9}},"type":"binary-expr","locations":[{"start":{"line":79,"column":10},"end":{"line":79,"column":9}},{"start":{"line":80,"column":10},"end":{"line":78,"column":6}}]},"5":{"loc":{"start":{"line":84,"column":10},"end":{"line":84,"column":9}},"type":"binary-expr","locations":[{"start":{"line":84,"column":10},"end":{"line":84,"column":9}},{"start":{"line":85,"column":10},"end":{"line":78,"column":6}}]},"6":{"loc":{"start":{"line":91,"column":10},"end":{"line":91,"column":9}},"type":"binary-expr","locations":[{"start":{"line":91,"column":10},"end":{"line":91,"column":9}},{"start":{"line":92,"column":10},"end":{"line":78,"column":6}}]},"7":{"loc":{"start":{"line":98,"column":10},"end":{"line":98,"column":9}},"type":"binary-expr","locations":[{"start":{"line":98,"column":10},"end":{"line":98,"column":9}},{"start":{"line":99,"column":10},"end":{"line":null,"column":-1}}]}},"s":{"0":0,"1":0,"2":0,"3":0,"4":0,"5":0,"6":0,"7":0,"8":0,"9":0,"10":0,"11":0,"12":0,"13":0,"14":0,"15":0,"16":0,"17":0,"18":0,"19":0,"20":0,"21":0,"22":0,"23":0,"24":0,"25":0,"26":0,"27":0,"28":0,"29":0},"f":{"0":0,"1":0},"b":{"0":[0,0],"1":[0,0],"2":[0,0],"3":[0,0],"4":[0,0],"5":[0,0],"6":[0,0],"7":[0,0]}}
,"/Users/jake.chorley/Documents/personal_development/projects/code_quiz_node/src/client/react/components/progress/progress.js": {"path":"/Users/jake.chorley/Documents/personal_development/projects/code_quiz_node/src/client/react/components/progress/progress.js","statementMap":{"0":{"start":{"line":1,"column":0},"end":{"line":null,"column":-1}},"1":{"start":{"line":2,"column":0},"end":{"line":null,"column":-1}},"2":{"start":{"line":4,"column":0},"end":{"line":null,"column":-1}},"3":{"start":{"line":10,"column":20},"end":{"line":10,"column":2}},"4":{"start":{"line":11,"column":16},"end":{"line":11,"column":2}},"5":{"start":{"line":14,"column":2},"end":{"line":null,"column":-1}}},"fnMap":{"0":{"name":"Progress","decl":{"start":{"line":9,"column":24},"end":{"line":9,"column":15}},"loc":{"start":{"line":9,"column":40},"end":{"line":24,"column":1}}}},"branchMap":{},"s":{"0":0,"1":0,"2":0,"3":0,"4":0,"5":0},"f":{"0":0},"b":{}}
,"/Users/jake.chorley/Documents/personal_development/projects/code_quiz_node/src/client/react/components/question/question.js": {"path":"/Users/jake.chorley/Documents/personal_development/projects/code_quiz_node/src/client/react/components/question/question.js","statementMap":{"0":{"start":{"line":1,"column":0},"end":{"line":null,"column":-1}},"1":{"start":{"line":2,"column":0},"end":{"line":null,"column":-1}},"2":{"start":{"line":4,"column":0},"end":{"line":null,"column":-1}},"3":{"start":{"line":5,"column":0},"end":{"line":null,"column":-1}},"4":{"start":{"line":6,"column":0},"end":{"line":null,"column":-1}},"5":{"start":{"line":9,"column":0},"end":{"line":null,"column":-1}},"6":{"start":{"line":16,"column":23},"end":{"line":16,"column":2}},"7":{"start":{"line":17,"column":2},"end":{"line":null,"column":-1}}},"fnMap":{"0":{"name":"Question","decl":{"start":{"line":14,"column":24},"end":{"line":14,"column":15}},"loc":{"start":{"line":14,"column":40},"end":{"line":29,"column":1}}}},"branchMap":{"0":{"loc":{"start":{"line":23,"column":43},"end":{"line":23,"column":8}},"type":"cond-expr","locations":[{"start":{"line":23,"column":43},"end":{"line":23,"column":8}},{"start":{"line":24,"column":8},"end":{"line":18,"column":4}}]}},"s":{"0":0,"1":0,"2":0,"3":0,"4":0,"5":0,"6":0,"7":0},"f":{"0":0},"b":{"0":[0,0]}}
,"/Users/jake.chorley/Documents/personal_development/projects/code_quiz_node/src/client/react/components/result/result.js": {"path":"/Users/jake.chorley/Documents/personal_development/projects/code_quiz_node/src/client/react/components/result/result.js","statementMap":{"0":{"start":{"line":1,"column":0},"end":{"line":null,"column":-1}},"1":{"start":{"line":2,"column":0},"end":{"line":null,"column":-1}},"2":{"start":{"line":21,"column":60},"end":{"line":20,"column":28}},"3":{"start":{"line":20,"column":28},"end":{"line":20,"column":27}},"4":{"start":{"line":22,"column":4},"end":{"line":38,"column":5}},"5":{"start":{"line":23,"column":24},"end":{"line":23,"column":6}},"6":{"start":{"line":23,"column":38},"end":{"line":null,"column":-1}},"7":{"start":{"line":24,"column":23},"end":{"line":24,"column":6}},"8":{"start":{"line":28,"column":6},"end":{"line":37,"column":7}},"9":{"start":{"line":29,"column":14},"end":{"line":29,"column":8}},"10":{"start":{"line":30,"column":8},"end":{"line":null,"column":-1}},"11":{"start":{"line":31,"column":13},"end":{"line":37,"column":7}},"12":{"start":{"line":32,"column":14},"end":{"line":32,"column":8}},"13":{"start":{"line":33,"column":27},"end":{"line":null,"column":-1}},"14":{"start":{"line":36,"column":8},"end":{"line":null,"column":-1}},"15":{"start":{"line":42,"column":4},"end":{"line":null,"column":-1}},"16":{"start":{"line":48,"column":18},"end":{"line":48,"column":4}},"17":{"start":{"line":50,"column":4},"end":{"line":null,"column":-1}}},"fnMap":{"0":{"name":"(anonymous_11)","decl":{"start":{"line":23,"column":38},"end":{"line":null,"column":-1}},"loc":{"start":{"line":23,"column":38},"end":{"line":23,"column":24}}},"1":{"name":"(anonymous_12)","decl":{"start":{"line":33,"column":27},"end":{"line":null,"column":-1}},"loc":{"start":{"line":33,"column":27},"end":{"line":33,"column":13}}}},"branchMap":{"0":{"loc":{"start":{"line":22,"column":4},"end":{"line":38,"column":5}},"type":"if","locations":[{"start":{"line":22,"column":4},"end":{"line":38,"column":5}},{"start":{"line":22,"column":4},"end":{"line":38,"column":5}}]},"1":{"loc":{"start":{"line":28,"column":6},"end":{"line":37,"column":7}},"type":"if","locations":[{"start":{"line":28,"column":6},"end":{"line":37,"column":7}},{"start":{"line":28,"column":6},"end":{"line":37,"column":7}}]},"2":{"loc":{"start":{"line":31,"column":13},"end":{"line":37,"column":7}},"type":"if","locations":[{"start":{"line":31,"column":13},"end":{"line":37,"column":7}},{"start":{"line":31,"column":13},"end":{"line":37,"column":7}}]}},"s":{"0":0,"1":0,"2":0,"3":0,"4":0,"5":0,"6":0,"7":0,"8":0,"9":0,"10":0,"11":0,"12":0,"13":0,"14":0,"15":0,"16":0,"17":0},"f":{"0":0,"1":0},"b":{"0":[0,0],"1":[0,0],"2":[0,0]}}
,"/Users/jake.chorley/Documents/personal_development/projects/code_quiz_node/src/client/react/components/signup/signup.js": {"path":"/Users/jake.chorley/Documents/personal_development/projects/code_quiz_node/src/client/react/components/signup/signup.js","statementMap":{"0":{"start":{"line":1,"column":0},"end":{"line":null,"column":-1}},"1":{"start":{"line":2,"column":0},"end":{"line":null,"column":-1}},"2":{"start":{"line":17,"column":67},"end":{"line":16,"column":33}},"3":{"start":{"line":16,"column":33},"end":{"line":16,"column":32}},"4":{"start":{"line":19,"column":4},"end":{"line":null,"column":-1}},"5":{"start":{"line":20,"column":4},"end":{"line":31,"column":5}},"6":{"start":{"line":26,"column":6},"end":{"line":null,"column":-1}},"7":{"start":{"line":27,"column":6},"end":{"line":null,"column":-1}},"8":{"start":{"line":28,"column":6},"end":{"line":null,"column":-1}},"9":{"start":{"line":30,"column":6},"end":{"line":null,"column":-1}},"10":{"start":{"line":34,"column":38},"end":{"line":34,"column":37}},"11":{"start":{"line":35,"column":4},"end":{"line":null,"column":-1}},"12":{"start":{"line":36,"column":4},"end":{"line":null,"column":-1}},"13":{"start":{"line":40,"column":4},"end":{"line":null,"column":-1}}},"fnMap":{},"branchMap":{"0":{"loc":{"start":{"line":20,"column":4},"end":{"line":31,"column":5}},"type":"if","locations":[{"start":{"line":20,"column":4},"end":{"line":31,"column":5}},{"start":{"line":20,"column":4},"end":{"line":31,"column":5}}]},"1":{"loc":{"start":{"line":21,"column":6},"end":{"line":21,"column":5}},"type":"binary-expr","locations":[{"start":{"line":21,"column":6},"end":{"line":21,"column":5}},{"start":{"line":22,"column":9},"end":{"line":21,"column":6}},{"start":{"line":23,"column":9},"end":{"line":21,"column":6}},{"start":{"line":24,"column":9},"end":{"line":20,"column":4}}]}},"s":{"0":0,"1":0,"2":0,"3":0,"4":0,"5":0,"6":0,"7":0,"8":0,"9":0,"10":0,"11":0,"12":0,"13":0},"f":{},"b":{"0":[0,0],"1":[0,0,0,0]}}
,"/Users/jake.chorley/Documents/personal_development/projects/code_quiz_node/src/client/react/components/start/start.js": {"path":"/Users/jake.chorley/Documents/personal_development/projects/code_quiz_node/src/client/react/components/start/start.js","statementMap":{"0":{"start":{"line":1,"column":0},"end":{"line":null,"column":-1}},"1":{"start":{"line":2,"column":0},"end":{"line":null,"column":-1}},"2":{"start":{"line":23,"column":21},"end":{"line":null,"column":-1}},"3":{"start":{"line":34,"column":4},"end":{"line":null,"column":-1}},"4":{"start":{"line":44,"column":4},"end":{"line":null,"column":-1}},"5":{"start":{"line":45,"column":4},"end":{"line":null,"column":-1}},"6":{"start":{"line":26,"column":4},"end":{"line":null,"column":-1}},"7":{"start":{"line":49,"column":4},"end":{"line":null,"column":-1}},"8":{"start":{"line":50,"column":4},"end":{"line":null,"column":-1}}},"fnMap":{"0":{"name":"_class","decl":{"start":{"line":23,"column":2},"end":{"line":23,"column":13}},"loc":{"start":{"line":23,"column":21},"end":{"line":29,"column":3}}},"1":{"name":"(anonymous_9)","decl":{"start":{"line":31,"column":22},"end":{"line":31,"column":27}},"loc":{"start":{"line":31,"column":28},"end":{"line":23,"column":21}}},"2":{"name":"(anonymous_10)","decl":{"start":{"line":43,"column":21},"end":{"line":43,"column":21}},"loc":{"start":{"line":43,"column":32},"end":{"line":23,"column":21}}}},"branchMap":{"0":{"loc":{"start":{"line":23,"column":21},"end":{"line":24,"column":9}},"type":"binary-expr","locations":[{"start":{"line":23,"column":21},"end":{"line":24,"column":9}},{"start":{"line":23,"column":21},"end":{"line":24,"column":9}}]},"1":{"loc":{"start":{"line":54,"column":10},"end":{"line":54,"column":9}},"type":"binary-expr","locations":[{"start":{"line":54,"column":10},"end":{"line":54,"column":9}},{"start":{"line":55,"column":10},"end":{"line":51,"column":6}}]}},"s":{"0":0,"1":0,"2":0,"3":0,"4":0,"5":0,"6":0,"7":0,"8":0},"f":{"0":0,"1":0,"2":0},"b":{"0":[0,0],"1":[0,0]}}
,"/Users/jake.chorley/Documents/personal_development/projects/code_quiz_node/src/client/react/components/user/user.js": {"path":"/Users/jake.chorley/Documents/personal_development/projects/code_quiz_node/src/client/react/components/user/user.js","statementMap":{"0":{"start":{"line":1,"column":0},"end":{"line":null,"column":-1}},"1":{"start":{"line":2,"column":0},"end":{"line":null,"column":-1}},"2":{"start":{"line":4,"column":0},"end":{"line":null,"column":-1}},"3":{"start":{"line":5,"column":0},"end":{"line":null,"column":-1}},"4":{"start":{"line":16,"column":21},"end":{"line":null,"column":-1}},"5":{"start":{"line":27,"column":4},"end":{"line":null,"column":-1}},"6":{"start":{"line":31,"column":4},"end":{"line":null,"column":-1}},"7":{"start":{"line":35,"column":4},"end":{"line":null,"column":-1}},"8":{"start":{"line":38,"column":4},"end":{"line":null,"column":-1}},"9":{"start":{"line":42,"column":4},"end":{"line":null,"column":-1}},"10":{"start":{"line":46,"column":4},"end":{"line":null,"column":-1}},"11":{"start":{"line":50,"column":4},"end":{"line":null,"column":-1}},"12":{"start":{"line":19,"column":4},"end":{"line":null,"column":-1}},"13":{"start":{"line":55,"column":4},"end":{"line":null,"column":-1}}},"fnMap":{"0":{"name":"_class","decl":{"start":{"line":16,"column":2},"end":{"line":16,"column":13}},"loc":{"start":{"line":16,"column":21},"end":{"line":24,"column":3}}},"1":{"name":"(anonymous_10)","decl":{"start":{"line":26,"column":22},"end":{"line":26,"column":27}},"loc":{"start":{"line":26,"column":28},"end":{"line":16,"column":21}}},"2":{"name":"(anonymous_11)","decl":{"start":{"line":30,"column":24},"end":{"line":30,"column":29}},"loc":{"start":{"line":30,"column":30},"end":{"line":16,"column":21}}},"3":{"name":"(anonymous_12)","decl":{"start":{"line":34,"column":22},"end":{"line":34,"column":27}},"loc":{"start":{"line":34,"column":28},"end":{"line":16,"column":21}}},"4":{"name":"(anonymous_13)","decl":{"start":{"line":41,"column":20},"end":{"line":41,"column":20}},"loc":{"start":{"line":41,"column":31},"end":{"line":16,"column":21}}},"5":{"name":"(anonymous_14)","decl":{"start":{"line":45,"column":22},"end":{"line":45,"column":22}},"loc":{"start":{"line":45,"column":33},"end":{"line":16,"column":21}}},"6":{"name":"(anonymous_15)","decl":{"start":{"line":49,"column":17},"end":{"line":49,"column":22}},"loc":{"start":{"line":49,"column":23},"end":{"line":16,"column":21}}}},"branchMap":{"0":{"loc":{"start":{"line":16,"column":21},"end":{"line":17,"column":9}},"type":"binary-expr","locations":[{"start":{"line":16,"column":21},"end":{"line":17,"column":9}},{"start":{"line":16,"column":21},"end":{"line":17,"column":9}}]},"1":{"loc":{"start":{"line":57,"column":10},"end":{"line":57,"column":9}},"type":"binary-expr","locations":[{"start":{"line":57,"column":10},"end":{"line":57,"column":9}},{"start":{"line":58,"column":10},"end":{"line":56,"column":6}}]},"2":{"loc":{"start":{"line":64,"column":12},"end":{"line":64,"column":11}},"type":"binary-expr","locations":[{"start":{"line":64,"column":12},"end":{"line":64,"column":11}},{"start":{"line":65,"column":12},"end":{"line":60,"column":8}}]},"3":{"loc":{"start":{"line":69,"column":11},"end":{"line":69,"column":10}},"type":"binary-expr","locations":[{"start":{"line":69,"column":11},"end":{"line":69,"column":10}},{"start":{"line":70,"column":12},"end":{"line":null,"column":-1}}]},"4":{"loc":{"start":{"line":72,"column":15},"end":{"line":72,"column":14}},"type":"binary-expr","locations":[{"start":{"line":72,"column":15},"end":{"line":72,"column":14}},{"start":{"line":73,"column":16},"end":{"line":70,"column":12}}]},"5":{"loc":{"start":{"line":75,"column":85},"end":{"line":75,"column":49}},"type":"cond-expr","locations":[{"start":{"line":75,"column":85},"end":{"line":75,"column":49}},{"start":{"line":75,"column":133},"end":{"line":75,"column":20}}]},"6":{"loc":{"start":{"line":76,"column":81},"end":{"line":76,"column":47}},"type":"cond-expr","locations":[{"start":{"line":76,"column":81},"end":{"line":76,"column":47}},{"start":{"line":76,"column":129},"end":{"line":76,"column":20}}]},"7":{"loc":{"start":{"line":78,"column":19},"end":{"line":78,"column":18}},"type":"binary-expr","locations":[{"start":{"line":78,"column":19},"end":{"line":78,"column":18}},{"start":{"line":79,"column":20},"end":{"line":73,"column":16}}]},"8":{"loc":{"start":{"line":81,"column":19},"end":{"line":81,"column":18}},"type":"binary-expr","locations":[{"start":{"line":81,"column":19},"end":{"line":81,"column":18}},{"start":{"line":82,"column":20},"end":{"line":null,"column":-1}}]},"9":{"loc":{"start":{"line":86,"column":15},"end":{"line":86,"column":14}},"type":"binary-expr","locations":[{"start":{"line":86,"column":15},"end":{"line":86,"column":14}},{"start":{"line":87,"column":16},"end":{"line":null,"column":-1}}]}},"s":{"0":0,"1":0,"2":0,"3":0,"4":0,"5":0,"6":0,"7":0,"8":0,"9":0,"10":0,"11":0,"12":0,"13":0},"f":{"0":0,"1":0,"2":0,"3":0,"4":0,"5":0,"6":0},"b":{"0":[0,0],"1":[0,0],"2":[0,0],"3":[0,0],"4":[0,0],"5":[0,0],"6":[0,0],"7":[0,0],"8":[0,0],"9":[0,0]}}
,"/Users/jake.chorley/Documents/personal_development/projects/code_quiz_node/src/client/reducers/creator.js": {"path":"/Users/jake.chorley/Documents/personal_development/projects/code_quiz_node/src/client/reducers/creator.js","statementMap":{"0":{"start":{"line":1,"column":32},"end":{"line":1,"column":57}},"1":{"start":{"line":2,"column":21},"end":{"line":2,"column":35}},"2":{"start":{"line":3,"column":30},"end":{"line":3,"column":47}},"3":{"start":{"line":4,"column":26},"end":{"line":4,"column":38}},"4":{"start":{"line":5,"column":16},"end":{"line":5,"column":25}},"5":{"start":{"line":6,"column":27},"end":{"line":6,"column":40}},"6":{"start":{"line":7,"column":17},"end":{"line":7,"column":27}},"7":{"start":{"line":8,"column":24},"end":{"line":8,"column":41}},"8":{"start":{"line":9,"column":20},"end":{"line":9,"column":33}},"9":{"start":{"line":10,"column":20},"end":{"line":10,"column":33}},"10":{"start":{"line":11,"column":26},"end":{"line":11,"column":45}},"11":{"start":{"line":12,"column":24},"end":{"line":12,"column":41}},"12":{"start":{"line":13,"column":31},"end":{"line":13,"column":48}},"13":{"start":{"line":14,"column":31},"end":{"line":14,"column":48}},"14":{"start":{"line":15,"column":26},"end":{"line":15,"column":45}},"15":{"start":{"line":16,"column":24},"end":{"line":16,"column":41}},"16":{"start":{"line":18,"column":37},"end":{"line":37,"column":1}},"17":{"start":{"line":19,"column":45},"end":{"line":19,"column":95}},"18":{"start":{"line":20,"column":22},"end":{"line":20,"column":44}},"19":{"start":{"line":22,"column":5},"end":{"line":22,"column":58}},"20":{"start":{"line":23,"column":28},"end":{"line":23,"column":60}},"21":{"start":{"line":24,"column":23},"end":{"line":24,"column":50}},"22":{"start":{"line":25,"column":21},"end":{"line":25,"column":42}},"23":{"start":{"line":26,"column":38},"end":{"line":26,"column":79}},"24":{"start":{"line":28,"column":5},"end":{"line":28,"column":57}},"25":{"start":{"line":29,"column":20},"end":{"line":29,"column":44}},"26":{"start":{"line":31,"column":5},"end":{"line":31,"column":62}},"27":{"start":{"line":32,"column":33},"end":{"line":32,"column":68}},"28":{"start":{"line":33,"column":47},"end":{"line":33,"column":97}},"29":{"start":{"line":34,"column":25},"end":{"line":34,"column":50}},"30":{"start":{"line":35,"column":27},"end":{"line":35,"column":54}},"31":{"start":{"line":36,"column":25},"end":{"line":36,"column":50}},"32":{"start":{"line":39,"column":21},"end":{"line":49,"column":1}},"33":{"start":{"line":51,"column":23},"end":{"line":219,"column":1}},"34":{"start":{"line":52,"column":2},"end":{"line":218,"column":3}},"35":{"start":{"line":54,"column":6},"end":{"line":57,"column":7}},"36":{"start":{"line":59,"column":6},"end":{"line":65,"column":7}},"37":{"start":{"line":67,"column":6},"end":{"line":77,"column":7}},"38":{"start":{"line":79,"column":6},"end":{"line":89,"column":7}},"39":{"start":{"line":91,"column":6},"end":{"line":105,"column":7}},"40":{"start":{"line":107,"column":6},"end":{"line":117,"column":7}},"41":{"start":{"line":119,"column":6},"end":{"line":136,"column":7}},"42":{"start":{"line":138,"column":6},"end":{"line":151,"column":7}},"43":{"start":{"line":153,"column":6},"end":{"line":163,"column":7}},"44":{"start":{"line":165,"column":6},"end":{"line":171,"column":7}},"45":{"start":{"line":173,"column":6},"end":{"line":180,"column":7}},"46":{"start":{"line":175,"column":52},"end":{"line":179,"column":9}},"47":{"start":{"line":177,"column":44},"end":{"line":177,"column":54}},"48":{"start":{"line":178,"column":47},"end":{"line":178,"column":67}},"49":{"start":{"line":182,"column":6},"end":{"line":185,"column":7}},"50":{"start":{"line":187,"column":6},"end":{"line":196,"column":7}},"51":{"start":{"line":198,"column":6},"end":{"line":209,"column":7}},"52":{"start":{"line":211,"column":6},"end":{"line":215,"column":7}},"53":{"start":{"line":217,"column":6},"end":{"line":217,"column":18}}},"fnMap":{"0":{"name":"(anonymous_0)","decl":{"start":{"line":19,"column":25},"end":{"line":19,"column":26}},"loc":{"start":{"line":19,"column":45},"end":{"line":19,"column":95}},"line":19},"1":{"name":"(anonymous_1)","decl":{"start":{"line":20,"column":15},"end":{"line":20,"column":16}},"loc":{"start":{"line":20,"column":22},"end":{"line":20,"column":44}},"line":20},"2":{"name":"(anonymous_2)","decl":{"start":{"line":21,"column":23},"end":{"line":21,"column":24}},"loc":{"start":{"line":22,"column":5},"end":{"line":22,"column":58}},"line":22},"3":{"name":"(anonymous_3)","decl":{"start":{"line":23,"column":18},"end":{"line":23,"column":19}},"loc":{"start":{"line":23,"column":28},"end":{"line":23,"column":60}},"line":23},"4":{"name":"(anonymous_4)","decl":{"start":{"line":24,"column":14},"end":{"line":24,"column":15}},"loc":{"start":{"line":24,"column":23},"end":{"line":24,"column":50}},"line":24},"5":{"name":"(anonymous_5)","decl":{"start":{"line":25,"column":14},"end":{"line":25,"column":15}},"loc":{"start":{"line":25,"column":21},"end":{"line":25,"column":42}},"line":25},"6":{"name":"(anonymous_6)","decl":{"start":{"line":26,"column":19},"end":{"line":26,"column":20}},"loc":{"start":{"line":26,"column":38},"end":{"line":26,"column":79}},"line":26},"7":{"name":"(anonymous_7)","decl":{"start":{"line":27,"column":13},"end":{"line":27,"column":14}},"loc":{"start":{"line":28,"column":5},"end":{"line":28,"column":57}},"line":28},"8":{"name":"(anonymous_8)","decl":{"start":{"line":29,"column":10},"end":{"line":29,"column":11}},"loc":{"start":{"line":29,"column":20},"end":{"line":29,"column":44}},"line":29},"9":{"name":"(anonymous_9)","decl":{"start":{"line":30,"column":14},"end":{"line":30,"column":15}},"loc":{"start":{"line":31,"column":5},"end":{"line":31,"column":62}},"line":31},"10":{"name":"(anonymous_10)","decl":{"start":{"line":32,"column":11},"end":{"line":32,"column":12}},"loc":{"start":{"line":32,"column":33},"end":{"line":32,"column":68}},"line":32},"11":{"name":"(anonymous_11)","decl":{"start":{"line":33,"column":17},"end":{"line":33,"column":18}},"loc":{"start":{"line":33,"column":47},"end":{"line":33,"column":97}},"line":33},"12":{"name":"(anonymous_12)","decl":{"start":{"line":34,"column":18},"end":{"line":34,"column":19}},"loc":{"start":{"line":34,"column":25},"end":{"line":34,"column":50}},"line":34},"13":{"name":"(anonymous_13)","decl":{"start":{"line":35,"column":20},"end":{"line":35,"column":21}},"loc":{"start":{"line":35,"column":27},"end":{"line":35,"column":54}},"line":35},"14":{"name":"(anonymous_14)","decl":{"start":{"line":36,"column":18},"end":{"line":36,"column":19}},"loc":{"start":{"line":36,"column":25},"end":{"line":36,"column":50}},"line":36},"15":{"name":"(anonymous_15)","decl":{"start":{"line":51,"column":23},"end":{"line":51,"column":24}},"loc":{"start":{"line":51,"column":57},"end":{"line":219,"column":1}},"line":51},"16":{"name":"(anonymous_16)","decl":{"start":{"line":175,"column":39},"end":{"line":175,"column":40}},"loc":{"start":{"line":175,"column":52},"end":{"line":179,"column":9}},"line":175},"17":{"name":"(anonymous_17)","decl":{"start":{"line":177,"column":37},"end":{"line":177,"column":38}},"loc":{"start":{"line":177,"column":44},"end":{"line":177,"column":54}},"line":177},"18":{"name":"(anonymous_18)","decl":{"start":{"line":178,"column":39},"end":{"line":178,"column":40}},"loc":{"start":{"line":178,"column":47},"end":{"line":178,"column":67}},"line":178}},"branchMap":{"0":{"loc":{"start":{"line":51,"column":24},"end":{"line":51,"column":44}},"type":"default-arg","locations":[{"start":{"line":51,"column":32},"end":{"line":51,"column":44}}],"line":51},"1":{"loc":{"start":{"line":52,"column":2},"end":{"line":218,"column":3}},"type":"switch","locations":[{"start":{"line":53,"column":4},"end":{"line":57,"column":7}},{"start":{"line":58,"column":4},"end":{"line":65,"column":7}},{"start":{"line":66,"column":4},"end":{"line":77,"column":7}},{"start":{"line":78,"column":4},"end":{"line":89,"column":7}},{"start":{"line":90,"column":4},"end":{"line":105,"column":7}},{"start":{"line":106,"column":4},"end":{"line":117,"column":7}},{"start":{"line":118,"column":4},"end":{"line":136,"column":7}},{"start":{"line":137,"column":4},"end":{"line":151,"column":7}},{"start":{"line":152,"column":4},"end":{"line":163,"column":7}},{"start":{"line":164,"column":4},"end":{"line":171,"column":7}},{"start":{"line":172,"column":4},"end":{"line":180,"column":7}},{"start":{"line":181,"column":4},"end":{"line":185,"column":7}},{"start":{"line":186,"column":4},"end":{"line":196,"column":7}},{"start":{"line":197,"column":4},"end":{"line":209,"column":7}},{"start":{"line":210,"column":4},"end":{"line":215,"column":7}},{"start":{"line":216,"column":4},"end":{"line":217,"column":18}}],"line":52}},"s":{"0":1,"1":1,"2":1,"3":1,"4":1,"5":1,"6":1,"7":1,"8":1,"9":1,"10":1,"11":1,"12":1,"13":1,"14":1,"15":1,"16":1,"17":0,"18":0,"19":0,"20":0,"21":0,"22":0,"23":0,"24":0,"25":0,"26":0,"27":0,"28":0,"29":0,"30":0,"31":0,"32":1,"33":1,"34":0,"35":0,"36":0,"37":0,"38":0,"39":0,"40":0,"41":0,"42":0,"43":0,"44":0,"45":0,"46":0,"47":0,"48":0,"49":0,"50":0,"51":0,"52":0,"53":0},"f":{"0":0,"1":0,"2":0,"3":0,"4":0,"5":0,"6":0,"7":0,"8":0,"9":0,"10":0,"11":0,"12":0,"13":0,"14":0,"15":0,"16":0,"17":0,"18":0},"b":{"0":[0],"1":[0,0,0,0,0,0,0,0,0,0,0,0,0,0,0,0]},"_coverageSchema":"332fd63041d2c1bcb487cc26dd0d5f7d97098a6c","hash":"67963f782c039c95e312a4dc0a4337d591336bf6"}
,"/Users/jake.chorley/Documents/personal_development/projects/code_quiz_node/src/client/reducers/main.js": {"path":"/Users/jake.chorley/Documents/personal_development/projects/code_quiz_node/src/client/reducers/main.js","statementMap":{"0":{"start":{"line":1,"column":24},"end":{"line":1,"column":41}},"1":{"start":{"line":2,"column":33},"end":{"line":2,"column":59}},"2":{"start":{"line":3,"column":28},"end":{"line":3,"column":42}},"3":{"start":{"line":4,"column":27},"end":{"line":4,"column":40}},"4":{"start":{"line":5,"column":25},"end":{"line":5,"column":36}},"5":{"start":{"line":6,"column":24},"end":{"line":6,"column":34}},"6":{"start":{"line":7,"column":36},"end":{"line":7,"column":58}},"7":{"start":{"line":9,"column":34},"end":{"line":18,"column":1}},"8":{"start":{"line":10,"column":31},"end":{"line":10,"column":66}},"9":{"start":{"line":11,"column":22},"end":{"line":11,"column":44}},"10":{"start":{"line":12,"column":29},"end":{"line":12,"column":62}},"11":{"start":{"line":13,"column":23},"end":{"line":13,"column":50}},"12":{"start":{"line":14,"column":24},"end":{"line":14,"column":52}},"13":{"start":{"line":15,"column":39},"end":{"line":15,"column":83}},"14":{"start":{"line":17,"column":5},"end":{"line":17,"column":57}},"15":{"start":{"line":20,"column":21},"end":{"line":36,"column":1}},"16":{"start":{"line":38,"column":20},"end":{"line":81,"column":1}},"17":{"start":{"line":39,"column":2},"end":{"line":80,"column":3}},"18":{"start":{"line":41,"column":6},"end":{"line":44,"column":7}},"19":{"start":{"line":46,"column":6},"end":{"line":49,"column":7}},"20":{"start":{"line":51,"column":6},"end":{"line":54,"column":7}},"21":{"start":{"line":56,"column":6},"end":{"line":60,"column":7}},"22":{"start":{"line":62,"column":6},"end":{"line":65,"column":7}},"23":{"start":{"line":68,"column":6},"end":{"line":72,"column":7}},"24":{"start":{"line":74,"column":6},"end":{"line":77,"column":7}},"25":{"start":{"line":79,"column":6},"end":{"line":79,"column":18}}},"fnMap":{"0":{"name":"(anonymous_0)","decl":{"start":{"line":10,"column":18},"end":{"line":10,"column":19}},"loc":{"start":{"line":10,"column":31},"end":{"line":10,"column":66}},"line":10},"1":{"name":"(anonymous_1)","decl":{"start":{"line":11,"column":15},"end":{"line":11,"column":16}},"loc":{"start":{"line":11,"column":22},"end":{"line":11,"column":44}},"line":11},"2":{"name":"(anonymous_2)","decl":{"start":{"line":12,"column":14},"end":{"line":12,"column":15}},"loc":{"start":{"line":12,"column":29},"end":{"line":12,"column":62}},"line":12},"3":{"name":"(anonymous_3)","decl":{"start":{"line":13,"column":12},"end":{"line":13,"column":13}},"loc":{"start":{"line":13,"column":23},"end":{"line":13,"column":50}},"line":13},"4":{"name":"(anonymous_4)","decl":{"start":{"line":14,"column":11},"end":{"line":14,"column":12}},"loc":{"start":{"line":14,"column":24},"end":{"line":14,"column":52}},"line":14},"5":{"name":"(anonymous_5)","decl":{"start":{"line":15,"column":22},"end":{"line":15,"column":23}},"loc":{"start":{"line":15,"column":39},"end":{"line":15,"column":83}},"line":15},"6":{"name":"(anonymous_6)","decl":{"start":{"line":16,"column":26},"end":{"line":16,"column":27}},"loc":{"start":{"line":17,"column":5},"end":{"line":17,"column":57}},"line":17},"7":{"name":"(anonymous_7)","decl":{"start":{"line":38,"column":20},"end":{"line":38,"column":21}},"loc":{"start":{"line":38,"column":54},"end":{"line":81,"column":1}},"line":38}},"branchMap":{"0":{"loc":{"start":{"line":38,"column":21},"end":{"line":38,"column":41}},"type":"default-arg","locations":[{"start":{"line":38,"column":29},"end":{"line":38,"column":41}}],"line":38},"1":{"loc":{"start":{"line":39,"column":2},"end":{"line":80,"column":3}},"type":"switch","locations":[{"start":{"line":40,"column":4},"end":{"line":44,"column":7}},{"start":{"line":45,"column":4},"end":{"line":49,"column":7}},{"start":{"line":50,"column":4},"end":{"line":54,"column":7}},{"start":{"line":55,"column":4},"end":{"line":60,"column":7}},{"start":{"line":61,"column":4},"end":{"line":65,"column":7}},{"start":{"line":67,"column":4},"end":{"line":72,"column":7}},{"start":{"line":73,"column":4},"end":{"line":77,"column":7}},{"start":{"line":78,"column":4},"end":{"line":79,"column":18}}],"line":39}},"s":{"0":1,"1":1,"2":1,"3":1,"4":1,"5":1,"6":1,"7":1,"8":0,"9":0,"10":0,"11":0,"12":0,"13":0,"14":0,"15":1,"16":1,"17":0,"18":0,"19":0,"20":0,"21":0,"22":0,"23":0,"24":0,"25":0},"f":{"0":0,"1":0,"2":0,"3":0,"4":0,"5":0,"6":0,"7":0},"b":{"0":[0],"1":[0,0,0,0,0,0,0,0]},"_coverageSchema":"332fd63041d2c1bcb487cc26dd0d5f7d97098a6c","hash":"9ec6cdfb93fdcf12edd39941c4ea0af29bff0af1"}
,"/Users/jake.chorley/Documents/personal_development/projects/code_quiz_node/src/client/reducers/question.js": {"path":"/Users/jake.chorley/Documents/personal_development/projects/code_quiz_node/src/client/reducers/question.js","statementMap":{"0":{"start":{"line":1,"column":32},"end":{"line":1,"column":50}},"1":{"start":{"line":2,"column":26},"end":{"line":2,"column":42}},"2":{"start":{"line":3,"column":29},"end":{"line":3,"column":44}},"3":{"start":{"line":4,"column":29},"end":{"line":4,"column":44}},"4":{"start":{"line":6,"column":38},"end":{"line":11,"column":1}},"5":{"start":{"line":7,"column":26},"end":{"line":7,"column":52}},"6":{"start":{"line":8,"column":20},"end":{"line":8,"column":40}},"7":{"start":{"line":9,"column":23},"end":{"line":9,"column":46}},"8":{"start":{"line":10,"column":32},"end":{"line":10,"column":68}},"9":{"start":{"line":13,"column":21},"end":{"line":17,"column":1}},"10":{"start":{"line":19,"column":24},"end":{"line":46,"column":1}},"11":{"start":{"line":20,"column":2},"end":{"line":45,"column":3}},"12":{"start":{"line":22,"column":6},"end":{"line":25,"column":7}},"13":{"start":{"line":27,"column":6},"end":{"line":31,"column":7}},"14":{"start":{"line":33,"column":6},"end":{"line":36,"column":7}},"15":{"start":{"line":38,"column":6},"end":{"line":42,"column":7}},"16":{"start":{"line":44,"column":6},"end":{"line":44,"column":18}}},"fnMap":{"0":{"name":"(anonymous_0)","decl":{"start":{"line":7,"column":19},"end":{"line":7,"column":20}},"loc":{"start":{"line":7,"column":26},"end":{"line":7,"column":52}},"line":7},"1":{"name":"(anonymous_1)","decl":{"start":{"line":8,"column":13},"end":{"line":8,"column":14}},"loc":{"start":{"line":8,"column":20},"end":{"line":8,"column":40}},"line":8},"2":{"name":"(anonymous_2)","decl":{"start":{"line":9,"column":16},"end":{"line":9,"column":17}},"loc":{"start":{"line":9,"column":23},"end":{"line":9,"column":46}},"line":9},"3":{"name":"(anonymous_3)","decl":{"start":{"line":10,"column":16},"end":{"line":10,"column":17}},"loc":{"start":{"line":10,"column":32},"end":{"line":10,"column":68}},"line":10},"4":{"name":"(anonymous_4)","decl":{"start":{"line":19,"column":24},"end":{"line":19,"column":25}},"loc":{"start":{"line":19,"column":58},"end":{"line":46,"column":1}},"line":19}},"branchMap":{"0":{"loc":{"start":{"line":19,"column":25},"end":{"line":19,"column":45}},"type":"default-arg","locations":[{"start":{"line":19,"column":33},"end":{"line":19,"column":45}}],"line":19},"1":{"loc":{"start":{"line":20,"column":2},"end":{"line":45,"column":3}},"type":"switch","locations":[{"start":{"line":21,"column":4},"end":{"line":25,"column":7}},{"start":{"line":26,"column":4},"end":{"line":31,"column":7}},{"start":{"line":32,"column":4},"end":{"line":36,"column":7}},{"start":{"line":37,"column":4},"end":{"line":42,"column":7}},{"start":{"line":43,"column":4},"end":{"line":44,"column":18}}],"line":20}},"s":{"0":1,"1":1,"2":1,"3":1,"4":1,"5":0,"6":0,"7":0,"8":0,"9":1,"10":1,"11":0,"12":0,"13":0,"14":0,"15":0,"16":0},"f":{"0":0,"1":0,"2":0,"3":0,"4":0},"b":{"0":[0],"1":[0,0,0,0,0]},"_coverageSchema":"332fd63041d2c1bcb487cc26dd0d5f7d97098a6c","hash":"1bfbcbe575dd36cbb8eb824cf557ca0bff4b5fcf"}
,"/Users/jake.chorley/Documents/personal_development/projects/code_quiz_node/src/client/reducers/user.js": {"path":"/Users/jake.chorley/Documents/personal_development/projects/code_quiz_node/src/client/reducers/user.js","statementMap":{"0":{"start":{"line":1,"column":22},"end":{"line":1,"column":30}},"1":{"start":{"line":2,"column":21},"end":{"line":2,"column":35}},"2":{"start":{"line":3,"column":30},"end":{"line":3,"column":46}},"3":{"start":{"line":4,"column":30},"end":{"line":4,"column":46}},"4":{"start":{"line":5,"column":32},"end":{"line":5,"column":50}},"5":{"start":{"line":6,"column":32},"end":{"line":6,"column":50}},"6":{"start":{"line":7,"column":35},"end":{"line":7,"column":56}},"7":{"start":{"line":8,"column":21},"end":{"line":8,"column":35}},"8":{"start":{"line":9,"column":25},"end":{"line":9,"column":36}},"9":{"start":{"line":11,"column":34},"end":{"line":19,"column":1}},"10":{"start":{"line":12,"column":33},"end":{"line":12,"column":68}},"11":{"start":{"line":13,"column":23},"end":{"line":13,"column":39}},"12":{"start":{"line":14,"column":25},"end":{"line":14,"column":51}},"13":{"start":{"line":15,"column":24},"end":{"line":15,"column":48}},"14":{"start":{"line":16,"column":29},"end":{"line":16,"column":58}},"15":{"start":{"line":17,"column":22},"end":{"line":17,"column":44}},"16":{"start":{"line":18,"column":32},"end":{"line":18,"column":66}},"17":{"start":{"line":21,"column":21},"end":{"line":29,"column":1}},"18":{"start":{"line":31,"column":20},"end":{"line":79,"column":1}},"19":{"start":{"line":32,"column":2},"end":{"line":78,"column":3}},"20":{"start":{"line":34,"column":6},"end":{"line":37,"column":7}},"21":{"start":{"line":39,"column":6},"end":{"line":47,"column":7}},"22":{"start":{"line":49,"column":6},"end":{"line":56,"column":7}},"23":{"start":{"line":58,"column":6},"end":{"line":63,"column":7}},"24":{"start":{"line":65,"column":6},"end":{"line":70,"column":7}},"25":{"start":{"line":72,"column":6},"end":{"line":75,"column":7}},"26":{"start":{"line":77,"column":6},"end":{"line":77,"column":18}}},"fnMap":{"0":{"name":"(anonymous_0)","decl":{"start":{"line":12,"column":15},"end":{"line":12,"column":16}},"loc":{"start":{"line":12,"column":33},"end":{"line":12,"column":68}},"line":12},"1":{"name":"(anonymous_1)","decl":{"start":{"line":13,"column":16},"end":{"line":13,"column":17}},"loc":{"start":{"line":13,"column":23},"end":{"line":13,"column":39}},"line":13},"2":{"name":"(anonymous_2)","decl":{"start":{"line":14,"column":18},"end":{"line":14,"column":19}},"loc":{"start":{"line":14,"column":25},"end":{"line":14,"column":51}},"line":14},"3":{"name":"(anonymous_3)","decl":{"start":{"line":15,"column":17},"end":{"line":15,"column":18}},"loc":{"start":{"line":15,"column":24},"end":{"line":15,"column":48}},"line":15},"4":{"name":"(anonymous_4)","decl":{"start":{"line":16,"column":22},"end":{"line":16,"column":23}},"loc":{"start":{"line":16,"column":29},"end":{"line":16,"column":58}},"line":16},"5":{"name":"(anonymous_5)","decl":{"start":{"line":17,"column":15},"end":{"line":17,"column":16}},"loc":{"start":{"line":17,"column":22},"end":{"line":17,"column":44}},"line":17},"6":{"name":"(anonymous_6)","decl":{"start":{"line":18,"column":12},"end":{"line":18,"column":13}},"loc":{"start":{"line":18,"column":32},"end":{"line":18,"column":66}},"line":18},"7":{"name":"(anonymous_7)","decl":{"start":{"line":31,"column":20},"end":{"line":31,"column":21}},"loc":{"start":{"line":31,"column":54},"end":{"line":79,"column":1}},"line":31}},"branchMap":{"0":{"loc":{"start":{"line":31,"column":21},"end":{"line":31,"column":41}},"type":"default-arg","locations":[{"start":{"line":31,"column":29},"end":{"line":31,"column":41}}],"line":31},"1":{"loc":{"start":{"line":32,"column":2},"end":{"line":78,"column":3}},"type":"switch","locations":[{"start":{"line":33,"column":4},"end":{"line":37,"column":7}},{"start":{"line":38,"column":4},"end":{"line":47,"column":7}},{"start":{"line":48,"column":4},"end":{"line":56,"column":7}},{"start":{"line":57,"column":4},"end":{"line":63,"column":7}},{"start":{"line":64,"column":4},"end":{"line":70,"column":7}},{"start":{"line":71,"column":4},"end":{"line":75,"column":7}},{"start":{"line":76,"column":4},"end":{"line":77,"column":18}}],"line":32}},"s":{"0":1,"1":1,"2":1,"3":1,"4":1,"5":1,"6":1,"7":1,"8":1,"9":1,"10":0,"11":0,"12":0,"13":0,"14":0,"15":0,"16":0,"17":1,"18":1,"19":0,"20":0,"21":0,"22":0,"23":0,"24":0,"25":0,"26":0},"f":{"0":0,"1":0,"2":0,"3":0,"4":0,"5":0,"6":0,"7":0},"b":{"0":[0],"1":[0,0,0,0,0,0,0]},"_coverageSchema":"332fd63041d2c1bcb487cc26dd0d5f7d97098a6c","hash":"629b5059acd792ac0862311f863c4de3672cc7f8"}
}
