TN:
SF:/Users/jake.chorley/Documents/personal_development/projects/code_quiz_node/src/client/sagas.js
FN:20,getAllQuizzes
FN:46,getQuiz
FN:49,(anonymous_2)
FN:60,login
FN:61,(anonymous_4)
FN:62,(anonymous_5)
FN:80,(anonymous_6)
FN:95,validate
FN:106,(anonymous_8)
FN:118,signUp
FN:119,(anonymous_10)
FN:120,(anonymous_11)
FN:136,(anonymous_12)
FN:147,logout
FN:151,addScore
FN:177,submit
FN:179,(anonymous_16)
FN:180,(anonymous_17)
FN:191,(anonymous_18)
FN:199,watch
FN:210,checkSaga
FN:215,rootSaga
FNF:22
FNH:1
FNDA:1,getAllQuizzes
FNDA:0,getQuiz
FNDA:0,(anonymous_2)
FNDA:0,login
FNDA:0,(anonymous_4)
FNDA:0,(anonymous_5)
FNDA:0,(anonymous_6)
FNDA:0,validate
FNDA:0,(anonymous_8)
FNDA:0,signUp
FNDA:0,(anonymous_10)
FNDA:0,(anonymous_11)
FNDA:0,(anonymous_12)
FNDA:0,logout
FNDA:0,addScore
FNDA:0,submit
FNDA:0,(anonymous_16)
FNDA:0,(anonymous_17)
FNDA:0,(anonymous_18)
FNDA:0,watch
FNDA:0,checkSaga
FNDA:0,rootSaga
DA:21,1
DA:22,1
DA:23,0
DA:24,0
DA:25,0
DA:26,0
DA:27,0
DA:29,1
DA:30,1
DA:47,0
DA:48,0
DA:49,0
DA:51,0
DA:53,0
DA:54,0
DA:56,0
DA:61,0
DA:62,0
DA:63,0
DA:64,0
DA:65,0
DA:72,0
DA:73,0
DA:80,0
DA:82,0
DA:83,0
DA:84,0
DA:85,0
DA:86,0
DA:87,0
DA:88,0
DA:90,0
DA:96,0
DA:98,0
DA:99,0
DA:100,0
DA:102,0
DA:103,0
DA:106,0
DA:108,0
DA:109,0
DA:110,0
DA:111,0
DA:113,0
DA:119,0
DA:120,0
DA:121,0
DA:128,0
DA:129,0
DA:136,0
DA:138,0
DA:139,0
DA:140,0
DA:142,0
DA:148,0
DA:152,0
DA:157,0
DA:158,0
DA:160,0
DA:161,0
DA:171,0
DA:173,0
DA:178,0
DA:179,0
DA:180,0
DA:181,0
DA:182,0
DA:183,0
DA:191,0
DA:193,0
DA:195,0
DA:200,0
DA:201,0
DA:202,0
DA:203,0
DA:204,0
DA:205,0
DA:206,0
DA:207,0
DA:211,0
DA:212,0
DA:216,0
LF:82
LH:4
BRDA:98,0,0,0
BRDA:98,0,1,0
BRF:2
BRH:0
end_of_record
TN:
SF:/Users/jake.chorley/Documents/personal_development/projects/code_quiz_node/src/client/react/app.js
FN:9,App
FNF:1
FNH:0
FNDA:0,App
DA:1,0
DA:3,0
DA:5,0
DA:6,0
DA:7,0
DA:10,0
LF:6
LH:0
BRF:0
BRH:0
end_of_record
TN:
SF:/Users/jake.chorley/Documents/personal_development/projects/code_quiz_node/src/client/react/components/code/code.js
FN:10,_class
FN:18,(anonymous_9)
FNF:2
FNH:0
FNDA:0,_class
FNDA:0,(anonymous_9)
DA:1,0
DA:2,0
DA:10,0
DA:13,0
DA:18,0
DA:19,0
DA:20,0
DA:21,0
DA:28,0
DA:29,0
DA:30,0
DA:31,0
DA:45,0
DA:49,0
DA:52,0
LF:15
LH:0
BRDA:10,0,0,0
BRDA:10,0,1,0
BRDA:20,1,0,0
BRDA:20,1,1,0
BRDA:35,2,0,0
BRDA:35,2,1,0
BRF:6
BRH:0
end_of_record
TN:
SF:/Users/jake.chorley/Documents/personal_development/projects/code_quiz_node/src/client/react/components/create_question/create_question.js
FN:73,(anonymous_17)
FN:99,(anonymous_18)
FNF:2
FNH:0
FNDA:0,(anonymous_17)
FNDA:0,(anonymous_18)
DA:1,0
DA:2,0
DA:16,0
DA:17,0
DA:24,0
DA:25,0
DA:28,0
DA:29,0
DA:30,0
DA:34,0
DA:37,0
DA:38,0
DA:39,0
DA:42,0
DA:43,0
DA:44,0
DA:47,0
DA:48,0
DA:53,0
DA:54,0
DA:55,0
DA:56,0
DA:57,0
DA:61,0
DA:69,0
DA:70,0
DA:71,0
DA:72,0
DA:73,0
DA:74,0
DA:86,0
DA:99,0
DA:100,0
DA:110,0
DA:116,0
DA:117,0
DA:121,0
LF:37
LH:0
BRDA:54,0,0,0
BRDA:54,0,1,0
BRDA:78,1,0,0
BRDA:78,1,1,0
BRDA:112,2,0,0
BRDA:112,2,1,0
BRDA:146,3,0,0
BRDA:146,3,1,0
BRDA:173,4,0,0
BRDA:173,4,1,0
BRF:10
BRH:0
end_of_record
TN:
SF:/Users/jake.chorley/Documents/personal_development/projects/code_quiz_node/src/client/react/components/create_quiz/create_quiz.js
FNF:0
FNH:0
DA:1,0
DA:2,0
DA:12,0
DA:13,0
DA:16,0
DA:17,0
DA:21,0
DA:24,0
LF:8
LH:0
BRDA:22,0,0,0
BRDA:22,0,1,0
BRDA:22,1,0,0
BRDA:22,1,1,0
BRF:4
BRH:0
end_of_record
TN:
SF:/Users/jake.chorley/Documents/personal_development/projects/code_quiz_node/src/client/react/components/creator/creator.js
FN:30,_class
FN:39,(anonymous_9)
FN:48,(anonymous_10)
FN:60,(anonymous_11)
FN:68,(anonymous_12)
FN:76,(anonymous_13)
FN:92,(anonymous_14)
FN:99,(anonymous_15)
FNF:8
FNH:0
FNDA:0,_class
FNDA:0,(anonymous_9)
FNDA:0,(anonymous_10)
FNDA:0,(anonymous_11)
FNDA:0,(anonymous_12)
FNDA:0,(anonymous_13)
FNDA:0,(anonymous_14)
FNDA:0,(anonymous_15)
DA:1,0
DA:2,0
DA:4,0
DA:5,0
DA:30,0
DA:33,0
DA:40,0
DA:41,0
DA:44,0
DA:48,0
DA:49,0
DA:50,0
DA:51,0
DA:52,0
DA:53,0
DA:54,0
DA:56,0
DA:61,0
DA:62,0
DA:69,0
DA:70,0
DA:76,0
DA:77,0
DA:78,0
DA:79,0
DA:80,0
DA:81,0
DA:83,0
DA:86,0
DA:93,0
DA:94,0
DA:95,0
DA:99,0
DA:100,0
DA:101,0
DA:102,0
DA:107,0
DA:109,0
DA:110,0
DA:111,0
DA:117,0
DA:119,0
DA:120,0
DA:121,0
DA:124,0
DA:125,0
DA:126,0
DA:130,0
DA:134,0
DA:135,0
DA:136,0
DA:138,0
LF:52
LH:0
BRDA:30,0,0,0
BRDA:30,0,1,0
BRDA:40,1,0,0
BRDA:40,1,1,0
BRDA:50,2,0,0
BRDA:50,2,1,0
BRDA:50,3,0,0
BRDA:50,3,1,0
BRDA:52,4,0,0
BRDA:52,4,1,0
BRDA:52,5,0,0
BRDA:52,5,1,0
BRDA:53,6,0,0
BRDA:53,6,1,0
BRDA:61,7,0,0
BRDA:61,7,1,0
BRDA:69,8,0,0
BRDA:69,8,1,0
BRDA:77,9,0,0
BRDA:77,9,1,0
BRDA:78,10,0,0
BRDA:78,10,1,0
BRDA:80,11,0,0
BRDA:80,11,1,0
BRDA:94,12,0,0
BRDA:94,12,1,0
BRDA:102,13,0,0
BRDA:102,13,1,0
BRDA:103,14,0,0
BRDA:103,14,1,0
BRDA:103,14,2,0
BRDA:111,15,0,0
BRDA:111,15,1,0
BRDA:112,16,0,0
BRDA:112,16,1,0
BRDA:112,16,2,0
BRDA:112,16,3,0
BRDA:120,17,0,0
BRDA:120,17,1,0
BRDA:125,18,0,0
BRDA:125,18,1,0
BRDA:135,19,0,0
BRDA:135,19,1,0
BRDA:140,20,0,0
BRDA:140,20,1,0
BRDA:143,21,0,0
BRDA:143,21,1,0
BRDA:147,22,0,0
BRDA:147,22,1,0
BRDA:147,22,2,0
BRDA:165,23,0,0
BRDA:165,23,1,0
BRDA:165,24,0,0
BRDA:165,24,1,0
BRDA:187,25,0,0
BRDA:187,25,1,0
BRDA:190,26,0,0
BRDA:190,26,1,0
BRDA:190,26,2,0
BRDA:193,27,0,0
BRDA:193,27,1,0
BRDA:193,27,2,0
BRDA:197,28,0,0
BRDA:197,28,1,0
BRDA:202,29,0,0
BRDA:202,29,1,0
BRDA:205,30,0,0
BRDA:205,30,1,0
BRDA:210,31,0,0
BRDA:210,31,1,0
BRDA:214,32,0,0
BRDA:214,32,1,0
BRDA:217,33,0,0
BRDA:217,33,1,0
BRF:74
BRH:0
end_of_record
TN:
SF:/Users/jake.chorley/Documents/personal_development/projects/code_quiz_node/src/client/react/components/home/home.js
FN:38,(anonymous_13)
FNF:1
FNH:0
FNDA:0,(anonymous_13)
DA:1,0
DA:2,0
DA:18,0
DA:22,0
DA:23,0
DA:24,0
DA:30,0
DA:35,0
DA:36,0
DA:37,0
DA:38,0
DA:39,0
DA:40,0
DA:41,0
DA:42,0
DA:43,0
DA:44,0
DA:45,0
DA:48,0
DA:49,0
DA:53,0
LF:21
LH:0
BRDA:41,0,0,0
BRDA:41,0,1,0
BRDA:48,1,0,0
BRDA:48,1,1,0
BRDA:56,2,0,0
BRDA:56,2,1,0
BRF:6
BRH:0
end_of_record
TN:
SF:/Users/jake.chorley/Documents/personal_development/projects/code_quiz_node/src/client/react/components/login/login.js
FNF:0
FNH:0
DA:1,0
DA:2,0
DA:15,0
DA:16,0
DA:19,0
DA:20,0
DA:24,0
LF:7
LH:0
BRF:0
BRH:0
end_of_record
TN:
SF:/Users/jake.chorley/Documents/personal_development/projects/code_quiz_node/src/client/react/components/logo/logo.js
FNF:0
FNH:0
DA:1,0
DA:2,0
DA:12,0
DA:18,0
DA:26,0
LF:5
LH:0
BRF:0
BRH:0
end_of_record
TN:
SF:/Users/jake.chorley/Documents/personal_development/projects/code_quiz_node/src/client/react/components/main/main.js
FN:16,Main
FNF:1
FNH:0
FNDA:0,Main
DA:1,0
DA:2,0
DA:3,0
DA:5,0
DA:6,0
DA:7,0
DA:8,0
DA:9,0
DA:12,0
DA:17,0
DA:18,0
DA:20,0
DA:21,0
DA:23,0
DA:24,0
DA:26,0
DA:27,0
DA:29,0
DA:30,0
DA:33,0
LF:20
LH:0
BRDA:19,0,0,0
BRDA:19,0,1,0
BRDA:19,0,2,0
BRDA:19,0,3,0
BRF:4
BRH:0
end_of_record
TN:
SF:/Users/jake.chorley/Documents/personal_development/projects/code_quiz_node/src/client/react/components/panel/panel.js
FN:49,(anonymous_11)
FN:50,(anonymous_12)
FNF:2
FNH:0
FNDA:0,(anonymous_11)
FNDA:0,(anonymous_12)
DA:1,0
DA:2,0
DA:18,0
DA:19,0
DA:21,0
DA:25,0
DA:29,0
DA:30,0
DA:34,0
DA:35,0
DA:36,0
DA:38,0
DA:42,0
DA:49,0
DA:50,0
DA:54,0
DA:58,0
DA:60,0
DA:61,0
DA:62,0
DA:63,0
DA:65,0
DA:66,0
DA:68,0
DA:69,0
DA:70,0
DA:71,0
DA:72,0
DA:73,0
DA:77,0
LF:30
LH:0
BRDA:18,0,0,0
BRDA:18,0,1,0
BRDA:34,1,0,0
BRDA:34,1,1,0
BRDA:61,2,0,0
BRDA:61,2,1,0
BRDA:63,3,0,0
BRDA:63,3,1,0
BRDA:79,4,0,0
BRDA:79,4,1,0
BRDA:84,5,0,0
BRDA:84,5,1,0
BRDA:91,6,0,0
BRDA:91,6,1,0
BRDA:98,7,0,0
BRDA:98,7,1,0
BRF:16
BRH:0
end_of_record
TN:
SF:/Users/jake.chorley/Documents/personal_development/projects/code_quiz_node/src/client/react/components/progress/progress.js
FN:9,Progress
FNF:1
FNH:0
FNDA:0,Progress
DA:1,0
DA:2,0
DA:4,0
DA:10,0
DA:11,0
DA:14,0
LF:6
LH:0
BRF:0
BRH:0
end_of_record
TN:
SF:/Users/jake.chorley/Documents/personal_development/projects/code_quiz_node/src/client/react/components/question/question.js
FN:14,Question
FNF:1
FNH:0
FNDA:0,Question
DA:1,0
DA:2,0
DA:4,0
DA:5,0
DA:6,0
DA:9,0
DA:16,0
DA:17,0
LF:8
LH:0
BRDA:23,0,0,0
BRDA:23,0,1,0
BRF:2
BRH:0
end_of_record
TN:
SF:/Users/jake.chorley/Documents/personal_development/projects/code_quiz_node/src/client/react/components/result/result.js
FN:23,(anonymous_11)
FN:33,(anonymous_12)
FNF:2
FNH:0
FNDA:0,(anonymous_11)
FNDA:0,(anonymous_12)
DA:1,0
DA:2,0
DA:20,0
DA:21,0
DA:22,0
DA:23,0
DA:24,0
DA:28,0
DA:29,0
DA:30,0
DA:31,0
DA:32,0
DA:33,0
DA:36,0
DA:42,0
DA:48,0
DA:50,0
LF:17
LH:0
BRDA:22,0,0,0
BRDA:22,0,1,0
BRDA:28,1,0,0
BRDA:28,1,1,0
BRDA:31,2,0,0
BRDA:31,2,1,0
BRF:6
BRH:0
end_of_record
TN:
SF:/Users/jake.chorley/Documents/personal_development/projects/code_quiz_node/src/client/react/components/signup/signup.js
FNF:0
FNH:0
DA:1,0
DA:2,0
DA:16,0
DA:17,0
DA:19,0
DA:20,0
DA:26,0
DA:27,0
DA:28,0
DA:30,0
DA:34,0
DA:35,0
DA:36,0
DA:40,0
LF:14
LH:0
BRDA:20,0,0,0
BRDA:20,0,1,0
BRDA:21,1,0,0
BRDA:21,1,1,0
BRDA:21,1,2,0
BRDA:21,1,3,0
BRF:6
BRH:0
end_of_record
TN:
SF:/Users/jake.chorley/Documents/personal_development/projects/code_quiz_node/src/client/react/components/start/start.js
FN:23,_class
FN:31,(anonymous_9)
FN:43,(anonymous_10)
FNF:3
FNH:0
FNDA:0,_class
FNDA:0,(anonymous_9)
FNDA:0,(anonymous_10)
DA:1,0
DA:2,0
DA:23,0
DA:26,0
DA:34,0
DA:44,0
DA:45,0
DA:49,0
DA:50,0
LF:9
LH:0
BRDA:23,0,0,0
BRDA:23,0,1,0
BRDA:54,1,0,0
BRDA:54,1,1,0
BRF:4
BRH:0
end_of_record
TN:
SF:/Users/jake.chorley/Documents/personal_development/projects/code_quiz_node/src/client/react/components/user/user.js
FN:16,_class
FN:26,(anonymous_10)
FN:30,(anonymous_11)
FN:34,(anonymous_12)
FN:41,(anonymous_13)
FN:45,(anonymous_14)
FN:49,(anonymous_15)
FNF:7
FNH:0
FNDA:0,_class
FNDA:0,(anonymous_10)
FNDA:0,(anonymous_11)
FNDA:0,(anonymous_12)
FNDA:0,(anonymous_13)
FNDA:0,(anonymous_14)
FNDA:0,(anonymous_15)
DA:1,0
DA:2,0
DA:4,0
DA:5,0
DA:16,0
DA:19,0
DA:27,0
DA:31,0
DA:35,0
DA:38,0
DA:42,0
DA:46,0
DA:50,0
DA:55,0
LF:14
LH:0
BRDA:16,0,0,0
BRDA:16,0,1,0
BRDA:57,1,0,0
BRDA:57,1,1,0
BRDA:64,2,0,0
BRDA:64,2,1,0
BRDA:69,3,0,0
BRDA:69,3,1,0
BRDA:72,4,0,0
BRDA:72,4,1,0
BRDA:75,5,0,0
BRDA:75,5,1,0
BRDA:76,6,0,0
BRDA:76,6,1,0
BRDA:78,7,0,0
BRDA:78,7,1,0
BRDA:81,8,0,0
BRDA:81,8,1,0
BRDA:86,9,0,0
BRDA:86,9,1,0
BRF:20
BRH:0
end_of_record
TN:
SF:/Users/jake.chorley/Documents/personal_development/projects/code_quiz_node/src/client/reducers/creator.js
FN:19,(anonymous_0)
FN:20,(anonymous_1)
FN:21,(anonymous_2)
FN:23,(anonymous_3)
FN:24,(anonymous_4)
FN:25,(anonymous_5)
FN:26,(anonymous_6)
FN:27,(anonymous_7)
FN:29,(anonymous_8)
FN:30,(anonymous_9)
FN:32,(anonymous_10)
FN:33,(anonymous_11)
FN:34,(anonymous_12)
FN:35,(anonymous_13)
FN:36,(anonymous_14)
FN:51,(anonymous_15)
FN:175,(anonymous_16)
FN:177,(anonymous_17)
FN:178,(anonymous_18)
FNF:19
FNH:0
FNDA:0,(anonymous_0)
FNDA:0,(anonymous_1)
FNDA:0,(anonymous_2)
FNDA:0,(anonymous_3)
FNDA:0,(anonymous_4)
FNDA:0,(anonymous_5)
FNDA:0,(anonymous_6)
FNDA:0,(anonymous_7)
FNDA:0,(anonymous_8)
FNDA:0,(anonymous_9)
FNDA:0,(anonymous_10)
FNDA:0,(anonymous_11)
FNDA:0,(anonymous_12)
FNDA:0,(anonymous_13)
FNDA:0,(anonymous_14)
FNDA:0,(anonymous_15)
FNDA:0,(anonymous_16)
FNDA:0,(anonymous_17)
FNDA:0,(anonymous_18)
DA:1,1
DA:2,1
DA:3,1
DA:4,1
DA:5,1
DA:6,1
DA:7,1
DA:8,1
DA:9,1
DA:10,1
DA:11,1
DA:12,1
DA:13,1
DA:14,1
DA:15,1
DA:16,1
DA:18,1
DA:19,0
DA:20,0
DA:22,0
DA:23,0
DA:24,0
DA:25,0
DA:26,0
DA:28,0
DA:29,0
DA:31,0
DA:32,0
DA:33,0
DA:34,0
DA:35,0
DA:36,0
DA:39,1
DA:51,1
DA:52,0
DA:54,0
DA:59,0
DA:67,0
DA:79,0
DA:91,0
DA:107,0
DA:119,0
DA:138,0
DA:153,0
DA:165,0
DA:173,0
DA:175,0
DA:177,0
DA:178,0
DA:182,0
DA:187,0
DA:198,0
DA:211,0
DA:217,0
LF:54
LH:19
BRDA:51,0,0,0
BRDA:52,1,0,0
BRDA:52,1,1,0
BRDA:52,1,2,0
BRDA:52,1,3,0
BRDA:52,1,4,0
BRDA:52,1,5,0
BRDA:52,1,6,0
BRDA:52,1,7,0
BRDA:52,1,8,0
BRDA:52,1,9,0
BRDA:52,1,10,0
BRDA:52,1,11,0
BRDA:52,1,12,0
BRDA:52,1,13,0
BRDA:52,1,14,0
BRDA:52,1,15,0
BRF:17
BRH:0
end_of_record
TN:
SF:/Users/jake.chorley/Documents/personal_development/projects/code_quiz_node/src/client/reducers/main.js
FN:10,(anonymous_0)
FN:11,(anonymous_1)
FN:12,(anonymous_2)
FN:13,(anonymous_3)
FN:14,(anonymous_4)
FN:15,(anonymous_5)
FN:16,(anonymous_6)
FN:38,(anonymous_7)
FNF:8
FNH:0
FNDA:0,(anonymous_0)
FNDA:0,(anonymous_1)
FNDA:0,(anonymous_2)
FNDA:0,(anonymous_3)
FNDA:0,(anonymous_4)
FNDA:0,(anonymous_5)
FNDA:0,(anonymous_6)
FNDA:0,(anonymous_7)
DA:1,1
DA:2,1
DA:3,1
DA:4,1
DA:5,1
DA:6,1
DA:7,1
DA:9,1
DA:10,0
DA:11,0
DA:12,0
DA:13,0
DA:14,0
DA:15,0
DA:17,0
DA:20,1
DA:38,1
DA:39,0
DA:41,0
DA:46,0
DA:51,0
DA:56,0
DA:62,0
DA:68,0
DA:74,0
DA:79,0
LF:26
LH:10
BRDA:38,0,0,0
BRDA:39,1,0,0
BRDA:39,1,1,0
BRDA:39,1,2,0
BRDA:39,1,3,0
BRDA:39,1,4,0
BRDA:39,1,5,0
BRDA:39,1,6,0
BRDA:39,1,7,0
BRF:9
BRH:0
end_of_record
TN:
SF:/Users/jake.chorley/Documents/personal_development/projects/code_quiz_node/src/client/reducers/question.js
FN:7,(anonymous_0)
FN:8,(anonymous_1)
FN:9,(anonymous_2)
FN:10,(anonymous_3)
FN:19,(anonymous_4)
FNF:5
FNH:0
FNDA:0,(anonymous_0)
FNDA:0,(anonymous_1)
FNDA:0,(anonymous_2)
FNDA:0,(anonymous_3)
FNDA:0,(anonymous_4)
DA:1,1
DA:2,1
DA:3,1
DA:4,1
DA:6,1
DA:7,0
DA:8,0
DA:9,0
DA:10,0
DA:13,1
DA:19,1
DA:20,0
DA:22,0
DA:27,0
DA:33,0
DA:38,0
DA:44,0
LF:17
LH:7
BRDA:19,0,0,0
BRDA:20,1,0,0
BRDA:20,1,1,0
BRDA:20,1,2,0
BRDA:20,1,3,0
BRDA:20,1,4,0
BRF:6
BRH:0
end_of_record
TN:
SF:/Users/jake.chorley/Documents/personal_development/projects/code_quiz_node/src/client/reducers/user.js
FN:12,(anonymous_0)
FN:13,(anonymous_1)
FN:14,(anonymous_2)
FN:15,(anonymous_3)
FN:16,(anonymous_4)
FN:17,(anonymous_5)
FN:18,(anonymous_6)
FN:31,(anonymous_7)
FNF:8
FNH:0
FNDA:0,(anonymous_0)
FNDA:0,(anonymous_1)
FNDA:0,(anonymous_2)
FNDA:0,(anonymous_3)
FNDA:0,(anonymous_4)
FNDA:0,(anonymous_5)
FNDA:0,(anonymous_6)
FNDA:0,(anonymous_7)
DA:1,1
DA:2,1
DA:3,1
DA:4,1
DA:5,1
DA:6,1
DA:7,1
DA:8,1
DA:9,1
DA:11,1
DA:12,0
DA:13,0
DA:14,0
DA:15,0
DA:16,0
DA:17,0
DA:18,0
DA:21,1
DA:31,1
DA:32,0
DA:34,0
DA:39,0
DA:49,0
DA:58,0
DA:65,0
DA:72,0
DA:77,0
LF:27
LH:12
BRDA:31,0,0,0
BRDA:32,1,0,0
BRDA:32,1,1,0
BRDA:32,1,2,0
BRDA:32,1,3,0
BRDA:32,1,4,0
BRDA:32,1,5,0
BRDA:32,1,6,0
BRF:8
BRH:0
end_of_record
